[2025-12-14 13:25:41] production.ERROR: Undefined constant PDO::MYSQL_ATTR_SSL {"exception":"[object] (Error(code: 0): Undefined constant PDO::MYSQL_ATTR_SSL at D:\\Devsroom Work\\toto-mess\\config\\database.php:54)
[stacktrace]
#0 D:\\Devsroom Work\\toto-mess\\vendor\\laravel\\framework\\src\\Illuminate\\Foundation\\Bootstrap\\LoadConfiguration.php(115): require()
#1 D:\\Devsroom Work\\toto-mess\\vendor\\laravel\\framework\\src\\Illuminate\\Foundation\\Bootstrap\\LoadConfiguration.php(115): Illuminate\\Foundation\\Bootstrap\\LoadConfiguration->Illuminate\\Foundation\\Bootstrap\\{closure}()
#2 D:\\Devsroom Work\\toto-mess\\vendor\\laravel\\framework\\src\\Illuminate\\Foundation\\Bootstrap\\LoadConfiguration.php(96): Illuminate\\Foundation\\Bootstrap\\LoadConfiguration->loadConfigurationFile()
#3 D:\\Devsroom Work\\toto-mess\\vendor\\laravel\\framework\\src\\Illuminate\\Foundation\\Bootstrap\\LoadConfiguration.php(55): Illuminate\\Foundation\\Bootstrap\\LoadConfiguration->loadConfigurationFiles()
#4 D:\\Devsroom Work\\toto-mess\\vendor\\laravel\\framework\\src\\Illuminate\\Foundation\\Application.php(342): Illuminate\\Foundation\\Bootstrap\\LoadConfiguration->bootstrap()
#5 D:\\Devsroom Work\\toto-mess\\vendor\\laravel\\framework\\src\\Illuminate\\Foundation\\Console\\Kernel.php(484): Illuminate\\Foundation\\Application->bootstrapWith()
#6 D:\\Devsroom Work\\toto-mess\\vendor\\laravel\\framework\\src\\Illuminate\\Foundation\\Console\\Kernel.php(195): Illuminate\\Foundation\\Console\\Kernel->bootstrap()
#7 D:\\Devsroom Work\\toto-mess\\artisan(35): Illuminate\\Foundation\\Console\\Kernel->handle()
#8 {main}
"} 
[2025-12-14 14:10:15] production.ERROR: Undefined constant PDO::MYSQL_ATTR_SSL {"exception":"[object] (Error(code: 0): Undefined constant PDO::MYSQL_ATTR_SSL at D:\\Devsroom Work\\toto-mess\\config\\database.php:54)
[stacktrace]
#0 D:\\Devsroom Work\\toto-mess\\vendor\\laravel\\framework\\src\\Illuminate\\Foundation\\Bootstrap\\LoadConfiguration.php(115): require()
#1 D:\\Devsroom Work\\toto-mess\\vendor\\laravel\\framework\\src\\Illuminate\\Foundation\\Bootstrap\\LoadConfiguration.php(115): Illuminate\\Foundation\\Bootstrap\\LoadConfiguration->Illuminate\\Foundation\\Bootstrap\\{closure}()
#2 D:\\Devsroom Work\\toto-mess\\vendor\\laravel\\framework\\src\\Illuminate\\Foundation\\Bootstrap\\LoadConfiguration.php(96): Illuminate\\Foundation\\Bootstrap\\LoadConfiguration->loadConfigurationFile()
#3 D:\\Devsroom Work\\toto-mess\\vendor\\laravel\\framework\\src\\Illuminate\\Foundation\\Bootstrap\\LoadConfiguration.php(55): Illuminate\\Foundation\\Bootstrap\\LoadConfiguration->loadConfigurationFiles()
#4 D:\\Devsroom Work\\toto-mess\\vendor\\laravel\\framework\\src\\Illuminate\\Foundation\\Application.php(342): Illuminate\\Foundation\\Bootstrap\\LoadConfiguration->bootstrap()
#5 D:\\Devsroom Work\\toto-mess\\vendor\\laravel\\framework\\src\\Illuminate\\Foundation\\Console\\Kernel.php(484): Illuminate\\Foundation\\Application->bootstrapWith()
#6 D:\\Devsroom Work\\toto-mess\\vendor\\laravel\\framework\\src\\Illuminate\\Foundation\\Console\\Kernel.php(195): Illuminate\\Foundation\\Console\\Kernel->bootstrap()
#7 D:\\Devsroom Work\\toto-mess\\artisan(35): Illuminate\\Foundation\\Console\\Kernel->handle()
#8 {main}
"} 
[2025-12-14 14:11:11] local.ERROR: Class "Intervention\Image\ImageServiceProvider" not found {"exception":"[object] (Error(code: 0): Class \"Intervention\\Image\\ImageServiceProvider\" not found at D:\\Devsroom Work\\toto-mess\\vendor\\laravel\\framework\\src\\Illuminate\\Foundation\\ProviderRepository.php:205)
[stacktrace]
#0 D:\\Devsroom Work\\toto-mess\\vendor\\laravel\\framework\\src\\Illuminate\\Foundation\\ProviderRepository.php(141): Illuminate\\Foundation\\ProviderRepository->createProvider()
#1 D:\\Devsroom Work\\toto-mess\\vendor\\laravel\\framework\\src\\Illuminate\\Foundation\\ProviderRepository.php(60): Illuminate\\Foundation\\ProviderRepository->compileManifest()
#2 D:\\Devsroom Work\\toto-mess\\vendor\\laravel\\framework\\src\\Illuminate\\Foundation\\Application.php(871): Illuminate\\Foundation\\ProviderRepository->load()
#3 D:\\Devsroom Work\\toto-mess\\vendor\\laravel\\framework\\src\\Illuminate\\Foundation\\Bootstrap\\RegisterProviders.php(37): Illuminate\\Foundation\\Application->registerConfiguredProviders()
#4 D:\\Devsroom Work\\toto-mess\\vendor\\laravel\\framework\\src\\Illuminate\\Foundation\\Application.php(342): Illuminate\\Foundation\\Bootstrap\\RegisterProviders->bootstrap()
#5 D:\\Devsroom Work\\toto-mess\\vendor\\laravel\\framework\\src\\Illuminate\\Foundation\\Console\\Kernel.php(484): Illuminate\\Foundation\\Application->bootstrapWith()
#6 D:\\Devsroom Work\\toto-mess\\vendor\\laravel\\framework\\src\\Illuminate\\Foundation\\Console\\Kernel.php(195): Illuminate\\Foundation\\Console\\Kernel->bootstrap()
#7 D:\\Devsroom Work\\toto-mess\\artisan(35): Illuminate\\Foundation\\Console\\Kernel->handle()
#8 {main}
"} 
[2025-12-14 14:11:50] local.ERROR: Class "Intervention\Image\ImageServiceProvider" not found {"exception":"[object] (Error(code: 0): Class \"Intervention\\Image\\ImageServiceProvider\" not found at D:\\Devsroom Work\\toto-mess\\vendor\\laravel\\framework\\src\\Illuminate\\Foundation\\ProviderRepository.php:205)
[stacktrace]
#0 D:\\Devsroom Work\\toto-mess\\vendor\\laravel\\framework\\src\\Illuminate\\Foundation\\ProviderRepository.php(141): Illuminate\\Foundation\\ProviderRepository->createProvider()
#1 D:\\Devsroom Work\\toto-mess\\vendor\\laravel\\framework\\src\\Illuminate\\Foundation\\ProviderRepository.php(60): Illuminate\\Foundation\\ProviderRepository->compileManifest()
#2 D:\\Devsroom Work\\toto-mess\\vendor\\laravel\\framework\\src\\Illuminate\\Foundation\\Application.php(871): Illuminate\\Foundation\\ProviderRepository->load()
#3 D:\\Devsroom Work\\toto-mess\\vendor\\laravel\\framework\\src\\Illuminate\\Foundation\\Bootstrap\\RegisterProviders.php(37): Illuminate\\Foundation\\Application->registerConfiguredProviders()
#4 D:\\Devsroom Work\\toto-mess\\vendor\\laravel\\framework\\src\\Illuminate\\Foundation\\Application.php(342): Illuminate\\Foundation\\Bootstrap\\RegisterProviders->bootstrap()
#5 D:\\Devsroom Work\\toto-mess\\vendor\\laravel\\framework\\src\\Illuminate\\Foundation\\Console\\Kernel.php(484): Illuminate\\Foundation\\Application->bootstrapWith()
#6 D:\\Devsroom Work\\toto-mess\\vendor\\laravel\\framework\\src\\Illuminate\\Foundation\\Console\\Kernel.php(195): Illuminate\\Foundation\\Console\\Kernel->bootstrap()
#7 D:\\Devsroom Work\\toto-mess\\artisan(35): Illuminate\\Foundation\\Console\\Kernel->handle()
#8 {main}
"} 
[2025-12-14 14:19:38] local.ERROR: Class "Intervention\Image\ImageServiceProvider" not found {"exception":"[object] (Error(code: 0): Class \"Intervention\\Image\\ImageServiceProvider\" not found at D:\\Devsroom Work\\toto-mess\\vendor\\laravel\\framework\\src\\Illuminate\\Foundation\\ProviderRepository.php:205)
[stacktrace]
#0 D:\\Devsroom Work\\toto-mess\\vendor\\laravel\\framework\\src\\Illuminate\\Foundation\\ProviderRepository.php(141): Illuminate\\Foundation\\ProviderRepository->createProvider()
#1 D:\\Devsroom Work\\toto-mess\\vendor\\laravel\\framework\\src\\Illuminate\\Foundation\\ProviderRepository.php(60): Illuminate\\Foundation\\ProviderRepository->compileManifest()
#2 D:\\Devsroom Work\\toto-mess\\vendor\\laravel\\framework\\src\\Illuminate\\Foundation\\Application.php(871): Illuminate\\Foundation\\ProviderRepository->load()
#3 D:\\Devsroom Work\\toto-mess\\vendor\\laravel\\framework\\src\\Illuminate\\Foundation\\Bootstrap\\RegisterProviders.php(37): Illuminate\\Foundation\\Application->registerConfiguredProviders()
#4 D:\\Devsroom Work\\toto-mess\\vendor\\laravel\\framework\\src\\Illuminate\\Foundation\\Application.php(342): Illuminate\\Foundation\\Bootstrap\\RegisterProviders->bootstrap()
#5 D:\\Devsroom Work\\toto-mess\\vendor\\laravel\\framework\\src\\Illuminate\\Foundation\\Console\\Kernel.php(484): Illuminate\\Foundation\\Application->bootstrapWith()
#6 D:\\Devsroom Work\\toto-mess\\vendor\\laravel\\framework\\src\\Illuminate\\Foundation\\Console\\Kernel.php(195): Illuminate\\Foundation\\Console\\Kernel->bootstrap()
#7 D:\\Devsroom Work\\toto-mess\\artisan(35): Illuminate\\Foundation\\Console\\Kernel->handle()
#8 {main}
"} 
[2025-12-14 14:20:10] local.ERROR: Class "App\Providers\AuthServiceProvider" not found {"exception":"[object] (Error(code: 0): Class \"App\\Providers\\AuthServiceProvider\" not found at D:\\Devsroom Work\\toto-mess\\vendor\\laravel\\framework\\src\\Illuminate\\Foundation\\ProviderRepository.php:205)
[stacktrace]
#0 D:\\Devsroom Work\\toto-mess\\vendor\\laravel\\framework\\src\\Illuminate\\Foundation\\ProviderRepository.php(141): Illuminate\\Foundation\\ProviderRepository->createProvider()
#1 D:\\Devsroom Work\\toto-mess\\vendor\\laravel\\framework\\src\\Illuminate\\Foundation\\ProviderRepository.php(60): Illuminate\\Foundation\\ProviderRepository->compileManifest()
#2 D:\\Devsroom Work\\toto-mess\\vendor\\laravel\\framework\\src\\Illuminate\\Foundation\\Application.php(871): Illuminate\\Foundation\\ProviderRepository->load()
#3 D:\\Devsroom Work\\toto-mess\\vendor\\laravel\\framework\\src\\Illuminate\\Foundation\\Bootstrap\\RegisterProviders.php(37): Illuminate\\Foundation\\Application->registerConfiguredProviders()
#4 D:\\Devsroom Work\\toto-mess\\vendor\\laravel\\framework\\src\\Illuminate\\Foundation\\Application.php(342): Illuminate\\Foundation\\Bootstrap\\RegisterProviders->bootstrap()
#5 D:\\Devsroom Work\\toto-mess\\vendor\\laravel\\framework\\src\\Illuminate\\Foundation\\Console\\Kernel.php(484): Illuminate\\Foundation\\Application->bootstrapWith()
#6 D:\\Devsroom Work\\toto-mess\\vendor\\laravel\\framework\\src\\Illuminate\\Foundation\\Console\\Kernel.php(195): Illuminate\\Foundation\\Console\\Kernel->bootstrap()
#7 D:\\Devsroom Work\\toto-mess\\artisan(35): Illuminate\\Foundation\\Console\\Kernel->handle()
#8 {main}
"} 
[2025-12-14 14:20:43] local.ERROR: Please provide a valid cache path. {"exception":"[object] (InvalidArgumentException(code: 0): Please provide a valid cache path. at D:\\Devsroom Work\\toto-mess\\vendor\\laravel\\framework\\src\\Illuminate\\View\\Compilers\\Compiler.php:75)
[stacktrace]
#0 D:\\Devsroom Work\\toto-mess\\vendor\\laravel\\framework\\src\\Illuminate\\View\\ViewServiceProvider.php(97): Illuminate\\View\\Compilers\\Compiler->__construct()
#1 D:\\Devsroom Work\\toto-mess\\vendor\\laravel\\framework\\src\\Illuminate\\Container\\Container.php(1115): Illuminate\\View\\ViewServiceProvider->Illuminate\\View\\{closure}()
#2 D:\\Devsroom Work\\toto-mess\\vendor\\laravel\\framework\\src\\Illuminate\\Container\\Container.php(933): Illuminate\\Container\\Container->build()
#3 D:\\Devsroom Work\\toto-mess\\vendor\\laravel\\framework\\src\\Illuminate\\Foundation\\Application.php(1078): Illuminate\\Container\\Container->resolve()
#4 D:\\Devsroom Work\\toto-mess\\vendor\\laravel\\framework\\src\\Illuminate\\Container\\Container.php(864): Illuminate\\Foundation\\Application->resolve()
#5 D:\\Devsroom Work\\toto-mess\\vendor\\laravel\\framework\\src\\Illuminate\\Foundation\\Application.php(1058): Illuminate\\Container\\Container->make()
#6 D:\\Devsroom Work\\toto-mess\\vendor\\laravel\\framework\\src\\Illuminate\\Container\\Container.php(1801): Illuminate\\Foundation\\Application->make()
#7 D:\\Devsroom Work\\toto-mess\\vendor\\laravel\\framework\\src\\Illuminate\\Support\\Facades\\Facade.php(240): Illuminate\\Container\\Container->offsetGet()
#8 D:\\Devsroom Work\\toto-mess\\vendor\\laravel\\framework\\src\\Illuminate\\Support\\Facades\\Facade.php(211): Illuminate\\Support\\Facades\\Facade::resolveFacadeInstance()
#9 D:\\Devsroom Work\\toto-mess\\vendor\\laravel\\framework\\src\\Illuminate\\Support\\Facades\\Facade.php(357): Illuminate\\Support\\Facades\\Facade::getFacadeRoot()
#10 D:\\Devsroom Work\\toto-mess\\vendor\\blade-ui-kit\\blade-icons\\src\\BladeIconsServiceProvider.php(106): Illuminate\\Support\\Facades\\Facade::__callStatic()
#11 D:\\Devsroom Work\\toto-mess\\vendor\\blade-ui-kit\\blade-icons\\src\\BladeIconsServiceProvider.php(27): BladeUI\\Icons\\BladeIconsServiceProvider->bootDirectives()
#12 D:\\Devsroom Work\\toto-mess\\vendor\\laravel\\framework\\src\\Illuminate\\Container\\BoundMethod.php(36): BladeUI\\Icons\\BladeIconsServiceProvider->boot()
#13 D:\\Devsroom Work\\toto-mess\\vendor\\laravel\\framework\\src\\Illuminate\\Container\\Util.php(43): Illuminate\\Container\\BoundMethod::Illuminate\\Container\\{closure}()
#14 D:\\Devsroom Work\\toto-mess\\vendor\\laravel\\framework\\src\\Illuminate\\Container\\BoundMethod.php(96): Illuminate\\Container\\Util::unwrapIfClosure()
#15 D:\\Devsroom Work\\toto-mess\\vendor\\laravel\\framework\\src\\Illuminate\\Container\\BoundMethod.php(35): Illuminate\\Container\\BoundMethod::callBoundMethod()
#16 D:\\Devsroom Work\\toto-mess\\vendor\\laravel\\framework\\src\\Illuminate\\Container\\Container.php(799): Illuminate\\Container\\BoundMethod::call()
#17 D:\\Devsroom Work\\toto-mess\\vendor\\laravel\\framework\\src\\Illuminate\\Foundation\\Application.php(1151): Illuminate\\Container\\Container->call()
#18 D:\\Devsroom Work\\toto-mess\\vendor\\laravel\\framework\\src\\Illuminate\\Foundation\\Application.php(1132): Illuminate\\Foundation\\Application->bootProvider()
#19 [internal function]: Illuminate\\Foundation\\Application->Illuminate\\Foundation\\{closure}()
#20 D:\\Devsroom Work\\toto-mess\\vendor\\laravel\\framework\\src\\Illuminate\\Foundation\\Application.php(1131): array_walk()
#21 D:\\Devsroom Work\\toto-mess\\vendor\\laravel\\framework\\src\\Illuminate\\Foundation\\Bootstrap\\BootProviders.php(17): Illuminate\\Foundation\\Application->boot()
#22 D:\\Devsroom Work\\toto-mess\\vendor\\laravel\\framework\\src\\Illuminate\\Foundation\\Application.php(342): Illuminate\\Foundation\\Bootstrap\\BootProviders->bootstrap()
#23 D:\\Devsroom Work\\toto-mess\\vendor\\laravel\\framework\\src\\Illuminate\\Foundation\\Console\\Kernel.php(484): Illuminate\\Foundation\\Application->bootstrapWith()
#24 D:\\Devsroom Work\\toto-mess\\vendor\\laravel\\framework\\src\\Illuminate\\Foundation\\Console\\Kernel.php(195): Illuminate\\Foundation\\Console\\Kernel->bootstrap()
#25 D:\\Devsroom Work\\toto-mess\\artisan(35): Illuminate\\Foundation\\Console\\Kernel->handle()
#26 {main}
"} 
[2025-12-14 14:21:03] local.ERROR: Illegal offset type {"exception":"[object] (TypeError(code: 0): Illegal offset type at D:\\Devsroom Work\\toto-mess\\vendor\\laravel\\framework\\src\\Illuminate\\Redis\\RedisManager.php:166)
[stacktrace]
#0 D:\\Devsroom Work\\toto-mess\\vendor\\laravel\\framework\\src\\Illuminate\\Redis\\RedisManager.php(111): Illuminate\\Redis\\RedisManager->connector()
#1 D:\\Devsroom Work\\toto-mess\\vendor\\laravel\\framework\\src\\Illuminate\\Redis\\RedisManager.php(92): Illuminate\\Redis\\RedisManager->resolve()
#2 D:\\Devsroom Work\\toto-mess\\vendor\\laravel\\framework\\src\\Illuminate\\Cache\\RedisStore.php(368): Illuminate\\Redis\\RedisManager->connection()
#3 D:\\Devsroom Work\\toto-mess\\vendor\\laravel\\framework\\src\\Illuminate\\Cache\\RedisStore.php(71): Illuminate\\Cache\\RedisStore->connection()
#4 D:\\Devsroom Work\\toto-mess\\vendor\\laravel\\framework\\src\\Illuminate\\Cache\\Repository.php(119): Illuminate\\Cache\\RedisStore->get()
#5 D:\\Devsroom Work\\toto-mess\\vendor\\laravel\\framework\\src\\Illuminate\\Cache\\CacheManager.php(532): Illuminate\\Cache\\Repository->get()
#6 D:\\Devsroom Work\\toto-mess\\vendor\\laravel\\telescope\\src\\Watchers\\DumpWatcher.php(47): Illuminate\\Cache\\CacheManager->__call()
#7 D:\\Devsroom Work\\toto-mess\\vendor\\laravel\\telescope\\src\\RegistersWatchers.php(48): Laravel\\Telescope\\Watchers\\DumpWatcher->register()
#8 D:\\Devsroom Work\\toto-mess\\vendor\\laravel\\telescope\\src\\Telescope.php(138): Laravel\\Telescope\\Telescope::registerWatchers()
#9 D:\\Devsroom Work\\toto-mess\\vendor\\laravel\\telescope\\src\\TelescopeServiceProvider.php(35): Laravel\\Telescope\\Telescope::start()
#10 D:\\Devsroom Work\\toto-mess\\vendor\\laravel\\framework\\src\\Illuminate\\Container\\BoundMethod.php(36): Laravel\\Telescope\\TelescopeServiceProvider->boot()
#11 D:\\Devsroom Work\\toto-mess\\vendor\\laravel\\framework\\src\\Illuminate\\Container\\Util.php(43): Illuminate\\Container\\BoundMethod::Illuminate\\Container\\{closure}()
#12 D:\\Devsroom Work\\toto-mess\\vendor\\laravel\\framework\\src\\Illuminate\\Container\\BoundMethod.php(96): Illuminate\\Container\\Util::unwrapIfClosure()
#13 D:\\Devsroom Work\\toto-mess\\vendor\\laravel\\framework\\src\\Illuminate\\Container\\BoundMethod.php(35): Illuminate\\Container\\BoundMethod::callBoundMethod()
#14 D:\\Devsroom Work\\toto-mess\\vendor\\laravel\\framework\\src\\Illuminate\\Container\\Container.php(799): Illuminate\\Container\\BoundMethod::call()
#15 D:\\Devsroom Work\\toto-mess\\vendor\\laravel\\framework\\src\\Illuminate\\Foundation\\Application.php(1151): Illuminate\\Container\\Container->call()
#16 D:\\Devsroom Work\\toto-mess\\vendor\\laravel\\framework\\src\\Illuminate\\Foundation\\Application.php(1132): Illuminate\\Foundation\\Application->bootProvider()
#17 [internal function]: Illuminate\\Foundation\\Application->Illuminate\\Foundation\\{closure}()
#18 D:\\Devsroom Work\\toto-mess\\vendor\\laravel\\framework\\src\\Illuminate\\Foundation\\Application.php(1131): array_walk()
#19 D:\\Devsroom Work\\toto-mess\\vendor\\laravel\\framework\\src\\Illuminate\\Foundation\\Bootstrap\\BootProviders.php(17): Illuminate\\Foundation\\Application->boot()
#20 D:\\Devsroom Work\\toto-mess\\vendor\\laravel\\framework\\src\\Illuminate\\Foundation\\Application.php(342): Illuminate\\Foundation\\Bootstrap\\BootProviders->bootstrap()
#21 D:\\Devsroom Work\\toto-mess\\vendor\\laravel\\framework\\src\\Illuminate\\Foundation\\Console\\Kernel.php(484): Illuminate\\Foundation\\Application->bootstrapWith()
#22 D:\\Devsroom Work\\toto-mess\\vendor\\laravel\\framework\\src\\Illuminate\\Foundation\\Console\\Kernel.php(195): Illuminate\\Foundation\\Console\\Kernel->bootstrap()
#23 D:\\Devsroom Work\\toto-mess\\artisan(35): Illuminate\\Foundation\\Console\\Kernel->handle()
#24 {main}
"} 
[2025-12-14 14:45:26] local.ERROR: Class "Redis" not found {"exception":"[object] (Error(code: 0): Class \"Redis\" not found at D:\\Devsroom Work\\toto-mess\\vendor\\laravel\\framework\\src\\Illuminate\\Redis\\Connectors\\PhpRedisConnector.php:80)
[stacktrace]
#0 D:\\Devsroom Work\\toto-mess\\vendor\\laravel\\framework\\src\\Illuminate\\Redis\\Connectors\\PhpRedisConnector.php(34): Illuminate\\Redis\\Connectors\\PhpRedisConnector->createClient()
#1 D:\\Devsroom Work\\toto-mess\\vendor\\laravel\\framework\\src\\Illuminate\\Redis\\Connectors\\PhpRedisConnector.php(39): Illuminate\\Redis\\Connectors\\PhpRedisConnector->Illuminate\\Redis\\Connectors\\{closure}()
#2 D:\\Devsroom Work\\toto-mess\\vendor\\laravel\\framework\\src\\Illuminate\\Redis\\RedisManager.php(111): Illuminate\\Redis\\Connectors\\PhpRedisConnector->connect()
#3 D:\\Devsroom Work\\toto-mess\\vendor\\laravel\\framework\\src\\Illuminate\\Redis\\RedisManager.php(92): Illuminate\\Redis\\RedisManager->resolve()
#4 D:\\Devsroom Work\\toto-mess\\vendor\\laravel\\framework\\src\\Illuminate\\Cache\\RedisStore.php(368): Illuminate\\Redis\\RedisManager->connection()
#5 D:\\Devsroom Work\\toto-mess\\vendor\\laravel\\framework\\src\\Illuminate\\Cache\\RedisStore.php(71): Illuminate\\Cache\\RedisStore->connection()
#6 D:\\Devsroom Work\\toto-mess\\vendor\\laravel\\framework\\src\\Illuminate\\Cache\\Repository.php(119): Illuminate\\Cache\\RedisStore->get()
#7 D:\\Devsroom Work\\toto-mess\\vendor\\laravel\\framework\\src\\Illuminate\\Cache\\CacheManager.php(532): Illuminate\\Cache\\Repository->get()
#8 D:\\Devsroom Work\\toto-mess\\vendor\\laravel\\telescope\\src\\Watchers\\DumpWatcher.php(47): Illuminate\\Cache\\CacheManager->__call()
#9 D:\\Devsroom Work\\toto-mess\\vendor\\laravel\\telescope\\src\\RegistersWatchers.php(48): Laravel\\Telescope\\Watchers\\DumpWatcher->register()
#10 D:\\Devsroom Work\\toto-mess\\vendor\\laravel\\telescope\\src\\Telescope.php(138): Laravel\\Telescope\\Telescope::registerWatchers()
#11 D:\\Devsroom Work\\toto-mess\\vendor\\laravel\\telescope\\src\\TelescopeServiceProvider.php(35): Laravel\\Telescope\\Telescope::start()
#12 D:\\Devsroom Work\\toto-mess\\vendor\\laravel\\framework\\src\\Illuminate\\Container\\BoundMethod.php(36): Laravel\\Telescope\\TelescopeServiceProvider->boot()
#13 D:\\Devsroom Work\\toto-mess\\vendor\\laravel\\framework\\src\\Illuminate\\Container\\Util.php(43): Illuminate\\Container\\BoundMethod::Illuminate\\Container\\{closure}()
#14 D:\\Devsroom Work\\toto-mess\\vendor\\laravel\\framework\\src\\Illuminate\\Container\\BoundMethod.php(96): Illuminate\\Container\\Util::unwrapIfClosure()
#15 D:\\Devsroom Work\\toto-mess\\vendor\\laravel\\framework\\src\\Illuminate\\Container\\BoundMethod.php(35): Illuminate\\Container\\BoundMethod::callBoundMethod()
#16 D:\\Devsroom Work\\toto-mess\\vendor\\laravel\\framework\\src\\Illuminate\\Container\\Container.php(799): Illuminate\\Container\\BoundMethod::call()
#17 D:\\Devsroom Work\\toto-mess\\vendor\\laravel\\framework\\src\\Illuminate\\Foundation\\Application.php(1151): Illuminate\\Container\\Container->call()
#18 D:\\Devsroom Work\\toto-mess\\vendor\\laravel\\framework\\src\\Illuminate\\Foundation\\Application.php(1132): Illuminate\\Foundation\\Application->bootProvider()
#19 [internal function]: Illuminate\\Foundation\\Application->Illuminate\\Foundation\\{closure}()
#20 D:\\Devsroom Work\\toto-mess\\vendor\\laravel\\framework\\src\\Illuminate\\Foundation\\Application.php(1131): array_walk()
#21 D:\\Devsroom Work\\toto-mess\\vendor\\laravel\\framework\\src\\Illuminate\\Foundation\\Bootstrap\\BootProviders.php(17): Illuminate\\Foundation\\Application->boot()
#22 D:\\Devsroom Work\\toto-mess\\vendor\\laravel\\framework\\src\\Illuminate\\Foundation\\Application.php(342): Illuminate\\Foundation\\Bootstrap\\BootProviders->bootstrap()
#23 D:\\Devsroom Work\\toto-mess\\vendor\\laravel\\framework\\src\\Illuminate\\Foundation\\Console\\Kernel.php(484): Illuminate\\Foundation\\Application->bootstrapWith()
#24 D:\\Devsroom Work\\toto-mess\\vendor\\laravel\\framework\\src\\Illuminate\\Foundation\\Console\\Kernel.php(195): Illuminate\\Foundation\\Console\\Kernel->bootstrap()
#25 D:\\Devsroom Work\\toto-mess\\artisan(35): Illuminate\\Foundation\\Console\\Kernel->handle()
#26 {main}
"} 
[2025-12-14 14:46:06] local.ERROR: Class "Redis" not found {"exception":"[object] (Error(code: 0): Class \"Redis\" not found at D:\\Devsroom Work\\toto-mess\\vendor\\laravel\\framework\\src\\Illuminate\\Redis\\Connectors\\PhpRedisConnector.php:80)
[stacktrace]
#0 D:\\Devsroom Work\\toto-mess\\vendor\\laravel\\framework\\src\\Illuminate\\Redis\\Connectors\\PhpRedisConnector.php(34): Illuminate\\Redis\\Connectors\\PhpRedisConnector->createClient()
#1 D:\\Devsroom Work\\toto-mess\\vendor\\laravel\\framework\\src\\Illuminate\\Redis\\Connectors\\PhpRedisConnector.php(39): Illuminate\\Redis\\Connectors\\PhpRedisConnector->Illuminate\\Redis\\Connectors\\{closure}()
#2 D:\\Devsroom Work\\toto-mess\\vendor\\laravel\\framework\\src\\Illuminate\\Redis\\RedisManager.php(111): Illuminate\\Redis\\Connectors\\PhpRedisConnector->connect()
#3 D:\\Devsroom Work\\toto-mess\\vendor\\laravel\\framework\\src\\Illuminate\\Redis\\RedisManager.php(92): Illuminate\\Redis\\RedisManager->resolve()
#4 D:\\Devsroom Work\\toto-mess\\vendor\\laravel\\framework\\src\\Illuminate\\Cache\\RedisStore.php(368): Illuminate\\Redis\\RedisManager->connection()
#5 D:\\Devsroom Work\\toto-mess\\vendor\\laravel\\framework\\src\\Illuminate\\Cache\\RedisStore.php(71): Illuminate\\Cache\\RedisStore->connection()
#6 D:\\Devsroom Work\\toto-mess\\vendor\\laravel\\framework\\src\\Illuminate\\Cache\\Repository.php(119): Illuminate\\Cache\\RedisStore->get()
#7 D:\\Devsroom Work\\toto-mess\\vendor\\laravel\\framework\\src\\Illuminate\\Cache\\CacheManager.php(532): Illuminate\\Cache\\Repository->get()
#8 D:\\Devsroom Work\\toto-mess\\vendor\\laravel\\telescope\\src\\Watchers\\DumpWatcher.php(47): Illuminate\\Cache\\CacheManager->__call()
#9 D:\\Devsroom Work\\toto-mess\\vendor\\laravel\\telescope\\src\\RegistersWatchers.php(48): Laravel\\Telescope\\Watchers\\DumpWatcher->register()
#10 D:\\Devsroom Work\\toto-mess\\vendor\\laravel\\telescope\\src\\Telescope.php(138): Laravel\\Telescope\\Telescope::registerWatchers()
#11 D:\\Devsroom Work\\toto-mess\\vendor\\laravel\\telescope\\src\\TelescopeServiceProvider.php(35): Laravel\\Telescope\\Telescope::start()
#12 D:\\Devsroom Work\\toto-mess\\vendor\\laravel\\framework\\src\\Illuminate\\Container\\BoundMethod.php(36): Laravel\\Telescope\\TelescopeServiceProvider->boot()
#13 D:\\Devsroom Work\\toto-mess\\vendor\\laravel\\framework\\src\\Illuminate\\Container\\Util.php(43): Illuminate\\Container\\BoundMethod::Illuminate\\Container\\{closure}()
#14 D:\\Devsroom Work\\toto-mess\\vendor\\laravel\\framework\\src\\Illuminate\\Container\\BoundMethod.php(96): Illuminate\\Container\\Util::unwrapIfClosure()
#15 D:\\Devsroom Work\\toto-mess\\vendor\\laravel\\framework\\src\\Illuminate\\Container\\BoundMethod.php(35): Illuminate\\Container\\BoundMethod::callBoundMethod()
#16 D:\\Devsroom Work\\toto-mess\\vendor\\laravel\\framework\\src\\Illuminate\\Container\\Container.php(799): Illuminate\\Container\\BoundMethod::call()
#17 D:\\Devsroom Work\\toto-mess\\vendor\\laravel\\framework\\src\\Illuminate\\Foundation\\Application.php(1151): Illuminate\\Container\\Container->call()
#18 D:\\Devsroom Work\\toto-mess\\vendor\\laravel\\framework\\src\\Illuminate\\Foundation\\Application.php(1132): Illuminate\\Foundation\\Application->bootProvider()
#19 [internal function]: Illuminate\\Foundation\\Application->Illuminate\\Foundation\\{closure}()
#20 D:\\Devsroom Work\\toto-mess\\vendor\\laravel\\framework\\src\\Illuminate\\Foundation\\Application.php(1131): array_walk()
#21 D:\\Devsroom Work\\toto-mess\\vendor\\laravel\\framework\\src\\Illuminate\\Foundation\\Bootstrap\\BootProviders.php(17): Illuminate\\Foundation\\Application->boot()
#22 D:\\Devsroom Work\\toto-mess\\vendor\\laravel\\framework\\src\\Illuminate\\Foundation\\Application.php(342): Illuminate\\Foundation\\Bootstrap\\BootProviders->bootstrap()
#23 D:\\Devsroom Work\\toto-mess\\vendor\\laravel\\framework\\src\\Illuminate\\Foundation\\Console\\Kernel.php(484): Illuminate\\Foundation\\Application->bootstrapWith()
#24 D:\\Devsroom Work\\toto-mess\\vendor\\laravel\\framework\\src\\Illuminate\\Foundation\\Console\\Kernel.php(195): Illuminate\\Foundation\\Console\\Kernel->bootstrap()
#25 D:\\Devsroom Work\\toto-mess\\artisan(35): Illuminate\\Foundation\\Console\\Kernel->handle()
#26 {main}
"} 
[2025-12-14 14:48:27] local.ERROR: Class "Redis" not found {"exception":"[object] (Error(code: 0): Class \"Redis\" not found at D:\\Devsroom Work\\toto-mess\\vendor\\laravel\\framework\\src\\Illuminate\\Redis\\Connectors\\PhpRedisConnector.php:80)
[stacktrace]
#0 D:\\Devsroom Work\\toto-mess\\vendor\\laravel\\framework\\src\\Illuminate\\Redis\\Connectors\\PhpRedisConnector.php(34): Illuminate\\Redis\\Connectors\\PhpRedisConnector->createClient()
#1 D:\\Devsroom Work\\toto-mess\\vendor\\laravel\\framework\\src\\Illuminate\\Redis\\Connectors\\PhpRedisConnector.php(39): Illuminate\\Redis\\Connectors\\PhpRedisConnector->Illuminate\\Redis\\Connectors\\{closure}()
#2 D:\\Devsroom Work\\toto-mess\\vendor\\laravel\\framework\\src\\Illuminate\\Redis\\RedisManager.php(111): Illuminate\\Redis\\Connectors\\PhpRedisConnector->connect()
#3 D:\\Devsroom Work\\toto-mess\\vendor\\laravel\\framework\\src\\Illuminate\\Redis\\RedisManager.php(92): Illuminate\\Redis\\RedisManager->resolve()
#4 D:\\Devsroom Work\\toto-mess\\vendor\\laravel\\framework\\src\\Illuminate\\Cache\\RedisStore.php(368): Illuminate\\Redis\\RedisManager->connection()
#5 D:\\Devsroom Work\\toto-mess\\vendor\\laravel\\framework\\src\\Illuminate\\Cache\\RedisStore.php(71): Illuminate\\Cache\\RedisStore->connection()
#6 D:\\Devsroom Work\\toto-mess\\vendor\\laravel\\framework\\src\\Illuminate\\Cache\\Repository.php(119): Illuminate\\Cache\\RedisStore->get()
#7 D:\\Devsroom Work\\toto-mess\\vendor\\laravel\\framework\\src\\Illuminate\\Cache\\CacheManager.php(532): Illuminate\\Cache\\Repository->get()
#8 D:\\Devsroom Work\\toto-mess\\vendor\\laravel\\telescope\\src\\Watchers\\DumpWatcher.php(47): Illuminate\\Cache\\CacheManager->__call()
#9 D:\\Devsroom Work\\toto-mess\\vendor\\laravel\\telescope\\src\\RegistersWatchers.php(48): Laravel\\Telescope\\Watchers\\DumpWatcher->register()
#10 D:\\Devsroom Work\\toto-mess\\vendor\\laravel\\telescope\\src\\Telescope.php(138): Laravel\\Telescope\\Telescope::registerWatchers()
#11 D:\\Devsroom Work\\toto-mess\\vendor\\laravel\\telescope\\src\\TelescopeServiceProvider.php(35): Laravel\\Telescope\\Telescope::start()
#12 D:\\Devsroom Work\\toto-mess\\vendor\\laravel\\framework\\src\\Illuminate\\Container\\BoundMethod.php(36): Laravel\\Telescope\\TelescopeServiceProvider->boot()
#13 D:\\Devsroom Work\\toto-mess\\vendor\\laravel\\framework\\src\\Illuminate\\Container\\Util.php(43): Illuminate\\Container\\BoundMethod::Illuminate\\Container\\{closure}()
#14 D:\\Devsroom Work\\toto-mess\\vendor\\laravel\\framework\\src\\Illuminate\\Container\\BoundMethod.php(96): Illuminate\\Container\\Util::unwrapIfClosure()
#15 D:\\Devsroom Work\\toto-mess\\vendor\\laravel\\framework\\src\\Illuminate\\Container\\BoundMethod.php(35): Illuminate\\Container\\BoundMethod::callBoundMethod()
#16 D:\\Devsroom Work\\toto-mess\\vendor\\laravel\\framework\\src\\Illuminate\\Container\\Container.php(799): Illuminate\\Container\\BoundMethod::call()
#17 D:\\Devsroom Work\\toto-mess\\vendor\\laravel\\framework\\src\\Illuminate\\Foundation\\Application.php(1151): Illuminate\\Container\\Container->call()
#18 D:\\Devsroom Work\\toto-mess\\vendor\\laravel\\framework\\src\\Illuminate\\Foundation\\Application.php(1132): Illuminate\\Foundation\\Application->bootProvider()
#19 [internal function]: Illuminate\\Foundation\\Application->Illuminate\\Foundation\\{closure}()
#20 D:\\Devsroom Work\\toto-mess\\vendor\\laravel\\framework\\src\\Illuminate\\Foundation\\Application.php(1131): array_walk()
#21 D:\\Devsroom Work\\toto-mess\\vendor\\laravel\\framework\\src\\Illuminate\\Foundation\\Bootstrap\\BootProviders.php(17): Illuminate\\Foundation\\Application->boot()
#22 D:\\Devsroom Work\\toto-mess\\vendor\\laravel\\framework\\src\\Illuminate\\Foundation\\Application.php(342): Illuminate\\Foundation\\Bootstrap\\BootProviders->bootstrap()
#23 D:\\Devsroom Work\\toto-mess\\vendor\\laravel\\framework\\src\\Illuminate\\Foundation\\Console\\Kernel.php(484): Illuminate\\Foundation\\Application->bootstrapWith()
#24 D:\\Devsroom Work\\toto-mess\\vendor\\laravel\\framework\\src\\Illuminate\\Foundation\\Console\\Kernel.php(195): Illuminate\\Foundation\\Console\\Kernel->bootstrap()
#25 D:\\Devsroom Work\\toto-mess\\artisan(35): Illuminate\\Foundation\\Console\\Kernel->handle()
#26 {main}
"} 
[2025-12-14 14:49:17] local.ERROR: could not find driver (Connection: mysql, SQL: insert into `telescope_entries` (`batch_id`, `content`, `created_at`, `family_hash`, `type`, `uuid`) values (a09775bb-8a5e-4234-98ad-b5478189cca9, {"command":"vendor:publish","exit_code":0,"arguments":{"command":"vendor:publish"},"options":{"existing":false,"force":true,"all":false,"provider":null,"tag":["laravel-assets"],"help":false,"silent":false,"quiet":false,"verbose":false,"version":false,"ansi":true,"no-interaction":false,"env":null},"hostname":"DESKTOP-93PJ1VS"}, 2025-12-14 14:49:17, ?, command, a09775bb-8874-429b-baad-cd37e056d1a1)) {"exception":"[object] (Illuminate\\Database\\QueryException(code: 0): could not find driver (Connection: mysql, SQL: insert into `telescope_entries` (`batch_id`, `content`, `created_at`, `family_hash`, `type`, `uuid`) values (a09775bb-8a5e-4234-98ad-b5478189cca9, {\"command\":\"vendor:publish\",\"exit_code\":0,\"arguments\":{\"command\":\"vendor:publish\"},\"options\":{\"existing\":false,\"force\":true,\"all\":false,\"provider\":null,\"tag\":[\"laravel-assets\"],\"help\":false,\"silent\":false,\"quiet\":false,\"verbose\":false,\"version\":false,\"ansi\":true,\"no-interaction\":false,\"env\":null},\"hostname\":\"DESKTOP-93PJ1VS\"}, 2025-12-14 14:49:17, ?, command, a09775bb-8874-429b-baad-cd37e056d1a1)) at D:\\Devsroom Work\\toto-mess\\vendor\\laravel\\framework\\src\\Illuminate\\Database\\Connection.php:826)
[stacktrace]
#0 D:\\Devsroom Work\\toto-mess\\vendor\\laravel\\framework\\src\\Illuminate\\Database\\Connection.php(780): Illuminate\\Database\\Connection->runQueryCallback()
#1 D:\\Devsroom Work\\toto-mess\\vendor\\laravel\\framework\\src\\Illuminate\\Database\\MySqlConnection.php(42): Illuminate\\Database\\Connection->run()
#2 D:\\Devsroom Work\\toto-mess\\vendor\\laravel\\framework\\src\\Illuminate\\Database\\Query\\Builder.php(3804): Illuminate\\Database\\MySqlConnection->insert()
#3 D:\\Devsroom Work\\toto-mess\\vendor\\laravel\\telescope\\src\\Storage\\DatabaseEntriesRepository.php(145): Illuminate\\Database\\Query\\Builder->insert()
#4 D:\\Devsroom Work\\toto-mess\\vendor\\laravel\\framework\\src\\Illuminate\\Collections\\Traits\\EnumeratesValues.php(271): Laravel\\Telescope\\Storage\\DatabaseEntriesRepository->Laravel\\Telescope\\Storage\\{closure}()
#5 D:\\Devsroom Work\\toto-mess\\vendor\\laravel\\telescope\\src\\Storage\\DatabaseEntriesRepository.php(144): Illuminate\\Support\\Collection->each()
#6 D:\\Devsroom Work\\toto-mess\\vendor\\laravel\\telescope\\src\\Telescope.php(664): Laravel\\Telescope\\Storage\\DatabaseEntriesRepository->store()
#7 [internal function]: Laravel\\Telescope\\Telescope::Laravel\\Telescope\\{closure}()
#8 D:\\Devsroom Work\\toto-mess\\vendor\\laravel\\telescope\\src\\Telescope.php(289): call_user_func()
#9 D:\\Devsroom Work\\toto-mess\\vendor\\laravel\\telescope\\src\\Telescope.php(656): Laravel\\Telescope\\Telescope::withoutRecording()
#10 D:\\Devsroom Work\\toto-mess\\vendor\\laravel\\telescope\\src\\ListensForStorageOpportunities.php(65): Laravel\\Telescope\\Telescope::store()
#11 D:\\Devsroom Work\\toto-mess\\vendor\\laravel\\framework\\src\\Illuminate\\Container\\BoundMethod.php(36): Laravel\\Telescope\\Telescope::Laravel\\Telescope\\{closure}()
#12 D:\\Devsroom Work\\toto-mess\\vendor\\laravel\\framework\\src\\Illuminate\\Container\\Util.php(43): Illuminate\\Container\\BoundMethod::Illuminate\\Container\\{closure}()
#13 D:\\Devsroom Work\\toto-mess\\vendor\\laravel\\framework\\src\\Illuminate\\Container\\BoundMethod.php(84): Illuminate\\Container\\Util::unwrapIfClosure()
#14 D:\\Devsroom Work\\toto-mess\\vendor\\laravel\\framework\\src\\Illuminate\\Container\\BoundMethod.php(35): Illuminate\\Container\\BoundMethod::callBoundMethod()
#15 D:\\Devsroom Work\\toto-mess\\vendor\\laravel\\framework\\src\\Illuminate\\Container\\Container.php(799): Illuminate\\Container\\BoundMethod::call()
#16 D:\\Devsroom Work\\toto-mess\\vendor\\laravel\\framework\\src\\Illuminate\\Foundation\\Application.php(1466): Illuminate\\Container\\Container->call()
#17 D:\\Devsroom Work\\toto-mess\\vendor\\laravel\\framework\\src\\Illuminate\\Foundation\\Console\\Kernel.php(218): Illuminate\\Foundation\\Application->terminate()
#18 D:\\Devsroom Work\\toto-mess\\artisan(51): Illuminate\\Foundation\\Console\\Kernel->terminate()
#19 {main}

[previous exception] [object] (PDOException(code: 0): could not find driver at D:\\Devsroom Work\\toto-mess\\vendor\\laravel\\framework\\src\\Illuminate\\Database\\Connectors\\Connector.php:66)
[stacktrace]
#0 D:\\Devsroom Work\\toto-mess\\vendor\\laravel\\framework\\src\\Illuminate\\Database\\Connectors\\Connector.php(66): PDO->__construct()
#1 D:\\Devsroom Work\\toto-mess\\vendor\\laravel\\framework\\src\\Illuminate\\Database\\Connectors\\Connector.php(44): Illuminate\\Database\\Connectors\\Connector->createPdoConnection()
#2 D:\\Devsroom Work\\toto-mess\\vendor\\laravel\\framework\\src\\Illuminate\\Database\\Connectors\\MySqlConnector.php(24): Illuminate\\Database\\Connectors\\Connector->createConnection()
#3 D:\\Devsroom Work\\toto-mess\\vendor\\laravel\\framework\\src\\Illuminate\\Database\\Connectors\\ConnectionFactory.php(184): Illuminate\\Database\\Connectors\\MySqlConnector->connect()
#4 [internal function]: Illuminate\\Database\\Connectors\\ConnectionFactory->Illuminate\\Database\\Connectors\\{closure}()
#5 D:\\Devsroom Work\\toto-mess\\vendor\\laravel\\framework\\src\\Illuminate\\Database\\Connection.php(1236): call_user_func()
#6 D:\\Devsroom Work\\toto-mess\\vendor\\laravel\\framework\\src\\Illuminate\\Database\\MySqlConnection.php(47): Illuminate\\Database\\Connection->getPdo()
#7 D:\\Devsroom Work\\toto-mess\\vendor\\laravel\\framework\\src\\Illuminate\\Database\\Connection.php(813): Illuminate\\Database\\MySqlConnection->Illuminate\\Database\\{closure}()
#8 D:\\Devsroom Work\\toto-mess\\vendor\\laravel\\framework\\src\\Illuminate\\Database\\Connection.php(780): Illuminate\\Database\\Connection->runQueryCallback()
#9 D:\\Devsroom Work\\toto-mess\\vendor\\laravel\\framework\\src\\Illuminate\\Database\\MySqlConnection.php(42): Illuminate\\Database\\Connection->run()
#10 D:\\Devsroom Work\\toto-mess\\vendor\\laravel\\framework\\src\\Illuminate\\Database\\Query\\Builder.php(3804): Illuminate\\Database\\MySqlConnection->insert()
#11 D:\\Devsroom Work\\toto-mess\\vendor\\laravel\\telescope\\src\\Storage\\DatabaseEntriesRepository.php(145): Illuminate\\Database\\Query\\Builder->insert()
#12 D:\\Devsroom Work\\toto-mess\\vendor\\laravel\\framework\\src\\Illuminate\\Collections\\Traits\\EnumeratesValues.php(271): Laravel\\Telescope\\Storage\\DatabaseEntriesRepository->Laravel\\Telescope\\Storage\\{closure}()
#13 D:\\Devsroom Work\\toto-mess\\vendor\\laravel\\telescope\\src\\Storage\\DatabaseEntriesRepository.php(144): Illuminate\\Support\\Collection->each()
#14 D:\\Devsroom Work\\toto-mess\\vendor\\laravel\\telescope\\src\\Telescope.php(664): Laravel\\Telescope\\Storage\\DatabaseEntriesRepository->store()
#15 [internal function]: Laravel\\Telescope\\Telescope::Laravel\\Telescope\\{closure}()
#16 D:\\Devsroom Work\\toto-mess\\vendor\\laravel\\telescope\\src\\Telescope.php(289): call_user_func()
#17 D:\\Devsroom Work\\toto-mess\\vendor\\laravel\\telescope\\src\\Telescope.php(656): Laravel\\Telescope\\Telescope::withoutRecording()
#18 D:\\Devsroom Work\\toto-mess\\vendor\\laravel\\telescope\\src\\ListensForStorageOpportunities.php(65): Laravel\\Telescope\\Telescope::store()
#19 D:\\Devsroom Work\\toto-mess\\vendor\\laravel\\framework\\src\\Illuminate\\Container\\BoundMethod.php(36): Laravel\\Telescope\\Telescope::Laravel\\Telescope\\{closure}()
#20 D:\\Devsroom Work\\toto-mess\\vendor\\laravel\\framework\\src\\Illuminate\\Container\\Util.php(43): Illuminate\\Container\\BoundMethod::Illuminate\\Container\\{closure}()
#21 D:\\Devsroom Work\\toto-mess\\vendor\\laravel\\framework\\src\\Illuminate\\Container\\BoundMethod.php(84): Illuminate\\Container\\Util::unwrapIfClosure()
#22 D:\\Devsroom Work\\toto-mess\\vendor\\laravel\\framework\\src\\Illuminate\\Container\\BoundMethod.php(35): Illuminate\\Container\\BoundMethod::callBoundMethod()
#23 D:\\Devsroom Work\\toto-mess\\vendor\\laravel\\framework\\src\\Illuminate\\Container\\Container.php(799): Illuminate\\Container\\BoundMethod::call()
#24 D:\\Devsroom Work\\toto-mess\\vendor\\laravel\\framework\\src\\Illuminate\\Foundation\\Application.php(1466): Illuminate\\Container\\Container->call()
#25 D:\\Devsroom Work\\toto-mess\\vendor\\laravel\\framework\\src\\Illuminate\\Foundation\\Console\\Kernel.php(218): Illuminate\\Foundation\\Application->terminate()
#26 D:\\Devsroom Work\\toto-mess\\artisan(51): Illuminate\\Foundation\\Console\\Kernel->terminate()
#27 {main}
"} 
[2025-12-14 15:26:30] local.ERROR: Class "Laravel\Telescope\TelescopeServiceProvider" not found {"exception":"[object] (Error(code: 0): Class \"Laravel\\Telescope\\TelescopeServiceProvider\" not found at D:\\Devsroom Work\\toto-mess\\vendor\\laravel\\framework\\src\\Illuminate\\Foundation\\ProviderRepository.php:206)
[stacktrace]
#0 D:\\Devsroom Work\\toto-mess\\vendor\\laravel\\framework\\src\\Illuminate\\Foundation\\ProviderRepository.php(142): Illuminate\\Foundation\\ProviderRepository->createProvider()
#1 D:\\Devsroom Work\\toto-mess\\vendor\\laravel\\framework\\src\\Illuminate\\Foundation\\ProviderRepository.php(61): Illuminate\\Foundation\\ProviderRepository->compileManifest()
#2 D:\\Devsroom Work\\toto-mess\\vendor\\laravel\\framework\\src\\Illuminate\\Foundation\\Application.php(871): Illuminate\\Foundation\\ProviderRepository->load()
#3 D:\\Devsroom Work\\toto-mess\\vendor\\laravel\\framework\\src\\Illuminate\\Foundation\\Bootstrap\\RegisterProviders.php(37): Illuminate\\Foundation\\Application->registerConfiguredProviders()
#4 D:\\Devsroom Work\\toto-mess\\vendor\\laravel\\framework\\src\\Illuminate\\Foundation\\Application.php(342): Illuminate\\Foundation\\Bootstrap\\RegisterProviders->bootstrap()
#5 D:\\Devsroom Work\\toto-mess\\vendor\\laravel\\framework\\src\\Illuminate\\Foundation\\Console\\Kernel.php(474): Illuminate\\Foundation\\Application->bootstrapWith()
#6 D:\\Devsroom Work\\toto-mess\\vendor\\laravel\\framework\\src\\Illuminate\\Foundation\\Console\\Kernel.php(196): Illuminate\\Foundation\\Console\\Kernel->bootstrap()
#7 D:\\Devsroom Work\\toto-mess\\artisan(35): Illuminate\\Foundation\\Console\\Kernel->handle()
#8 {main}
"} 
[2025-12-14 16:12:11] local.ERROR: Class "Laravel\Telescope\TelescopeServiceProvider" not found {"exception":"[object] (Error(code: 0): Class \"Laravel\\Telescope\\TelescopeServiceProvider\" not found at D:\\Devsroom Work\\toto-mess\\vendor\\laravel\\framework\\src\\Illuminate\\Foundation\\ProviderRepository.php:205)
[stacktrace]
#0 D:\\Devsroom Work\\toto-mess\\vendor\\laravel\\framework\\src\\Illuminate\\Foundation\\ProviderRepository.php(141): Illuminate\\Foundation\\ProviderRepository->createProvider()
#1 D:\\Devsroom Work\\toto-mess\\vendor\\laravel\\framework\\src\\Illuminate\\Foundation\\ProviderRepository.php(60): Illuminate\\Foundation\\ProviderRepository->compileManifest()
#2 D:\\Devsroom Work\\toto-mess\\vendor\\laravel\\framework\\src\\Illuminate\\Foundation\\Application.php(871): Illuminate\\Foundation\\ProviderRepository->load()
#3 D:\\Devsroom Work\\toto-mess\\vendor\\laravel\\framework\\src\\Illuminate\\Foundation\\Bootstrap\\RegisterProviders.php(37): Illuminate\\Foundation\\Application->registerConfiguredProviders()
#4 D:\\Devsroom Work\\toto-mess\\vendor\\laravel\\framework\\src\\Illuminate\\Foundation\\Application.php(342): Illuminate\\Foundation\\Bootstrap\\RegisterProviders->bootstrap()
#5 D:\\Devsroom Work\\toto-mess\\vendor\\laravel\\framework\\src\\Illuminate\\Foundation\\Console\\Kernel.php(484): Illuminate\\Foundation\\Application->bootstrapWith()
#6 D:\\Devsroom Work\\toto-mess\\vendor\\laravel\\framework\\src\\Illuminate\\Foundation\\Console\\Kernel.php(195): Illuminate\\Foundation\\Console\\Kernel->bootstrap()
#7 D:\\Devsroom Work\\toto-mess\\artisan(35): Illuminate\\Foundation\\Console\\Kernel->handle()
#8 {main}
"} 
[2025-12-14 16:14:26] local.ERROR: Class "Laravel\Telescope\TelescopeServiceProvider" not found {"exception":"[object] (Error(code: 0): Class \"Laravel\\Telescope\\TelescopeServiceProvider\" not found at D:\\Devsroom Work\\toto-mess\\vendor\\laravel\\framework\\src\\Illuminate\\Foundation\\ProviderRepository.php:205)
[stacktrace]
#0 D:\\Devsroom Work\\toto-mess\\vendor\\laravel\\framework\\src\\Illuminate\\Foundation\\ProviderRepository.php(141): Illuminate\\Foundation\\ProviderRepository->createProvider()
#1 D:\\Devsroom Work\\toto-mess\\vendor\\laravel\\framework\\src\\Illuminate\\Foundation\\ProviderRepository.php(60): Illuminate\\Foundation\\ProviderRepository->compileManifest()
#2 D:\\Devsroom Work\\toto-mess\\vendor\\laravel\\framework\\src\\Illuminate\\Foundation\\Application.php(871): Illuminate\\Foundation\\ProviderRepository->load()
#3 D:\\Devsroom Work\\toto-mess\\vendor\\laravel\\framework\\src\\Illuminate\\Foundation\\Bootstrap\\RegisterProviders.php(37): Illuminate\\Foundation\\Application->registerConfiguredProviders()
#4 D:\\Devsroom Work\\toto-mess\\vendor\\laravel\\framework\\src\\Illuminate\\Foundation\\Application.php(342): Illuminate\\Foundation\\Bootstrap\\RegisterProviders->bootstrap()
#5 D:\\Devsroom Work\\toto-mess\\vendor\\laravel\\framework\\src\\Illuminate\\Foundation\\Console\\Kernel.php(484): Illuminate\\Foundation\\Application->bootstrapWith()
#6 D:\\Devsroom Work\\toto-mess\\vendor\\laravel\\framework\\src\\Illuminate\\Foundation\\Console\\Kernel.php(195): Illuminate\\Foundation\\Console\\Kernel->bootstrap()
#7 D:\\Devsroom Work\\toto-mess\\artisan(35): Illuminate\\Foundation\\Console\\Kernel->handle()
#8 {main}
"} 
[2025-12-14 16:14:51] local.ERROR: Class "Laravel\Telescope\TelescopeServiceProvider" not found {"exception":"[object] (Error(code: 0): Class \"Laravel\\Telescope\\TelescopeServiceProvider\" not found at D:\\Devsroom Work\\toto-mess\\vendor\\laravel\\framework\\src\\Illuminate\\Foundation\\ProviderRepository.php:205)
[stacktrace]
#0 D:\\Devsroom Work\\toto-mess\\vendor\\laravel\\framework\\src\\Illuminate\\Foundation\\ProviderRepository.php(141): Illuminate\\Foundation\\ProviderRepository->createProvider()
#1 D:\\Devsroom Work\\toto-mess\\vendor\\laravel\\framework\\src\\Illuminate\\Foundation\\ProviderRepository.php(60): Illuminate\\Foundation\\ProviderRepository->compileManifest()
#2 D:\\Devsroom Work\\toto-mess\\vendor\\laravel\\framework\\src\\Illuminate\\Foundation\\Application.php(871): Illuminate\\Foundation\\ProviderRepository->load()
#3 D:\\Devsroom Work\\toto-mess\\vendor\\laravel\\framework\\src\\Illuminate\\Foundation\\Bootstrap\\RegisterProviders.php(37): Illuminate\\Foundation\\Application->registerConfiguredProviders()
#4 D:\\Devsroom Work\\toto-mess\\vendor\\laravel\\framework\\src\\Illuminate\\Foundation\\Application.php(342): Illuminate\\Foundation\\Bootstrap\\RegisterProviders->bootstrap()
#5 D:\\Devsroom Work\\toto-mess\\vendor\\laravel\\framework\\src\\Illuminate\\Foundation\\Console\\Kernel.php(484): Illuminate\\Foundation\\Application->bootstrapWith()
#6 D:\\Devsroom Work\\toto-mess\\vendor\\laravel\\framework\\src\\Illuminate\\Foundation\\Console\\Kernel.php(195): Illuminate\\Foundation\\Console\\Kernel->bootstrap()
#7 D:\\Devsroom Work\\toto-mess\\artisan(35): Illuminate\\Foundation\\Console\\Kernel->handle()
#8 {main}
"} 
[2025-12-14 16:15:04] local.ERROR: Class "Laravel\Telescope\TelescopeServiceProvider" not found {"exception":"[object] (Error(code: 0): Class \"Laravel\\Telescope\\TelescopeServiceProvider\" not found at D:\\Devsroom Work\\toto-mess\\vendor\\laravel\\framework\\src\\Illuminate\\Foundation\\ProviderRepository.php:205)
[stacktrace]
#0 D:\\Devsroom Work\\toto-mess\\vendor\\laravel\\framework\\src\\Illuminate\\Foundation\\ProviderRepository.php(141): Illuminate\\Foundation\\ProviderRepository->createProvider()
#1 D:\\Devsroom Work\\toto-mess\\vendor\\laravel\\framework\\src\\Illuminate\\Foundation\\ProviderRepository.php(60): Illuminate\\Foundation\\ProviderRepository->compileManifest()
#2 D:\\Devsroom Work\\toto-mess\\vendor\\laravel\\framework\\src\\Illuminate\\Foundation\\Application.php(871): Illuminate\\Foundation\\ProviderRepository->load()
#3 D:\\Devsroom Work\\toto-mess\\vendor\\laravel\\framework\\src\\Illuminate\\Foundation\\Bootstrap\\RegisterProviders.php(37): Illuminate\\Foundation\\Application->registerConfiguredProviders()
#4 D:\\Devsroom Work\\toto-mess\\vendor\\laravel\\framework\\src\\Illuminate\\Foundation\\Application.php(342): Illuminate\\Foundation\\Bootstrap\\RegisterProviders->bootstrap()
#5 D:\\Devsroom Work\\toto-mess\\vendor\\laravel\\framework\\src\\Illuminate\\Foundation\\Console\\Kernel.php(484): Illuminate\\Foundation\\Application->bootstrapWith()
#6 D:\\Devsroom Work\\toto-mess\\vendor\\laravel\\framework\\src\\Illuminate\\Foundation\\Console\\Kernel.php(195): Illuminate\\Foundation\\Console\\Kernel->bootstrap()
#7 D:\\Devsroom Work\\toto-mess\\artisan(35): Illuminate\\Foundation\\Console\\Kernel->handle()
#8 {main}
"} 
[2025-12-14 16:15:18] local.ERROR: The D:\Devsroom Work\toto-mess\bootstrap\cache directory must be present and writable. {"exception":"[object] (Exception(code: 0): The D:\\Devsroom Work\\toto-mess\\bootstrap\\cache directory must be present and writable. at D:\\Devsroom Work\\toto-mess\\vendor\\laravel\\framework\\src\\Illuminate\\Foundation\\PackageManifest.php:179)
[stacktrace]
#0 D:\\Devsroom Work\\toto-mess\\vendor\\laravel\\framework\\src\\Illuminate\\Foundation\\PackageManifest.php(132): Illuminate\\Foundation\\PackageManifest->write()
#1 D:\\Devsroom Work\\toto-mess\\vendor\\laravel\\framework\\src\\Illuminate\\Foundation\\PackageManifest.php(108): Illuminate\\Foundation\\PackageManifest->build()
#2 D:\\Devsroom Work\\toto-mess\\vendor\\laravel\\framework\\src\\Illuminate\\Foundation\\PackageManifest.php(90): Illuminate\\Foundation\\PackageManifest->getManifest()
#3 D:\\Devsroom Work\\toto-mess\\vendor\\laravel\\framework\\src\\Illuminate\\Foundation\\PackageManifest.php(79): Illuminate\\Foundation\\PackageManifest->config()
#4 D:\\Devsroom Work\\toto-mess\\vendor\\laravel\\framework\\src\\Illuminate\\Foundation\\Bootstrap\\RegisterFacades.php(26): Illuminate\\Foundation\\PackageManifest->aliases()
#5 D:\\Devsroom Work\\toto-mess\\vendor\\laravel\\framework\\src\\Illuminate\\Foundation\\Application.php(342): Illuminate\\Foundation\\Bootstrap\\RegisterFacades->bootstrap()
#6 D:\\Devsroom Work\\toto-mess\\vendor\\laravel\\framework\\src\\Illuminate\\Foundation\\Console\\Kernel.php(484): Illuminate\\Foundation\\Application->bootstrapWith()
#7 D:\\Devsroom Work\\toto-mess\\vendor\\laravel\\framework\\src\\Illuminate\\Foundation\\Console\\Kernel.php(195): Illuminate\\Foundation\\Console\\Kernel->bootstrap()
#8 D:\\Devsroom Work\\toto-mess\\artisan(35): Illuminate\\Foundation\\Console\\Kernel->handle()
#9 {main}
"} 
[2025-12-14 16:15:29] local.ERROR: Class "Laravel\Telescope\TelescopeServiceProvider" not found {"exception":"[object] (Error(code: 0): Class \"Laravel\\Telescope\\TelescopeServiceProvider\" not found at D:\\Devsroom Work\\toto-mess\\vendor\\laravel\\framework\\src\\Illuminate\\Foundation\\ProviderRepository.php:205)
[stacktrace]
#0 D:\\Devsroom Work\\toto-mess\\vendor\\laravel\\framework\\src\\Illuminate\\Foundation\\ProviderRepository.php(141): Illuminate\\Foundation\\ProviderRepository->createProvider()
#1 D:\\Devsroom Work\\toto-mess\\vendor\\laravel\\framework\\src\\Illuminate\\Foundation\\ProviderRepository.php(60): Illuminate\\Foundation\\ProviderRepository->compileManifest()
#2 D:\\Devsroom Work\\toto-mess\\vendor\\laravel\\framework\\src\\Illuminate\\Foundation\\Application.php(871): Illuminate\\Foundation\\ProviderRepository->load()
#3 D:\\Devsroom Work\\toto-mess\\vendor\\laravel\\framework\\src\\Illuminate\\Foundation\\Bootstrap\\RegisterProviders.php(37): Illuminate\\Foundation\\Application->registerConfiguredProviders()
#4 D:\\Devsroom Work\\toto-mess\\vendor\\laravel\\framework\\src\\Illuminate\\Foundation\\Application.php(342): Illuminate\\Foundation\\Bootstrap\\RegisterProviders->bootstrap()
#5 D:\\Devsroom Work\\toto-mess\\vendor\\laravel\\framework\\src\\Illuminate\\Foundation\\Console\\Kernel.php(484): Illuminate\\Foundation\\Application->bootstrapWith()
#6 D:\\Devsroom Work\\toto-mess\\vendor\\laravel\\framework\\src\\Illuminate\\Foundation\\Console\\Kernel.php(195): Illuminate\\Foundation\\Console\\Kernel->bootstrap()
#7 D:\\Devsroom Work\\toto-mess\\artisan(35): Illuminate\\Foundation\\Console\\Kernel->handle()
#8 {main}
"} 
[2025-12-14 16:17:33] local.ERROR: Class "Laravel\Telescope\TelescopeServiceProvider" not found {"exception":"[object] (Error(code: 0): Class \"Laravel\\Telescope\\TelescopeServiceProvider\" not found at D:\\Devsroom Work\\toto-mess\\vendor\\laravel\\framework\\src\\Illuminate\\Foundation\\ProviderRepository.php:205)
[stacktrace]
#0 D:\\Devsroom Work\\toto-mess\\vendor\\laravel\\framework\\src\\Illuminate\\Foundation\\ProviderRepository.php(141): Illuminate\\Foundation\\ProviderRepository->createProvider()
#1 D:\\Devsroom Work\\toto-mess\\vendor\\laravel\\framework\\src\\Illuminate\\Foundation\\ProviderRepository.php(60): Illuminate\\Foundation\\ProviderRepository->compileManifest()
#2 D:\\Devsroom Work\\toto-mess\\vendor\\laravel\\framework\\src\\Illuminate\\Foundation\\Application.php(871): Illuminate\\Foundation\\ProviderRepository->load()
#3 D:\\Devsroom Work\\toto-mess\\vendor\\laravel\\framework\\src\\Illuminate\\Foundation\\Bootstrap\\RegisterProviders.php(37): Illuminate\\Foundation\\Application->registerConfiguredProviders()
#4 D:\\Devsroom Work\\toto-mess\\vendor\\laravel\\framework\\src\\Illuminate\\Foundation\\Application.php(342): Illuminate\\Foundation\\Bootstrap\\RegisterProviders->bootstrap()
#5 D:\\Devsroom Work\\toto-mess\\vendor\\laravel\\framework\\src\\Illuminate\\Foundation\\Console\\Kernel.php(484): Illuminate\\Foundation\\Application->bootstrapWith()
#6 D:\\Devsroom Work\\toto-mess\\vendor\\laravel\\framework\\src\\Illuminate\\Foundation\\Console\\Kernel.php(195): Illuminate\\Foundation\\Console\\Kernel->bootstrap()
#7 D:\\Devsroom Work\\toto-mess\\artisan(35): Illuminate\\Foundation\\Console\\Kernel->handle()
#8 {main}
"} 
[2025-12-14 16:17:48] local.ERROR: Class "Filament\FilamentServiceProvider" not found {"exception":"[object] (Error(code: 0): Class \"Filament\\FilamentServiceProvider\" not found at D:\\Devsroom Work\\toto-mess\\vendor\\laravel\\framework\\src\\Illuminate\\Foundation\\ProviderRepository.php:205)
[stacktrace]
#0 D:\\Devsroom Work\\toto-mess\\vendor\\laravel\\framework\\src\\Illuminate\\Foundation\\ProviderRepository.php(141): Illuminate\\Foundation\\ProviderRepository->createProvider()
#1 D:\\Devsroom Work\\toto-mess\\vendor\\laravel\\framework\\src\\Illuminate\\Foundation\\ProviderRepository.php(60): Illuminate\\Foundation\\ProviderRepository->compileManifest()
#2 D:\\Devsroom Work\\toto-mess\\vendor\\laravel\\framework\\src\\Illuminate\\Foundation\\Application.php(871): Illuminate\\Foundation\\ProviderRepository->load()
#3 D:\\Devsroom Work\\toto-mess\\vendor\\laravel\\framework\\src\\Illuminate\\Foundation\\Bootstrap\\RegisterProviders.php(37): Illuminate\\Foundation\\Application->registerConfiguredProviders()
#4 D:\\Devsroom Work\\toto-mess\\vendor\\laravel\\framework\\src\\Illuminate\\Foundation\\Application.php(342): Illuminate\\Foundation\\Bootstrap\\RegisterProviders->bootstrap()
#5 D:\\Devsroom Work\\toto-mess\\vendor\\laravel\\framework\\src\\Illuminate\\Foundation\\Console\\Kernel.php(484): Illuminate\\Foundation\\Application->bootstrapWith()
#6 D:\\Devsroom Work\\toto-mess\\vendor\\laravel\\framework\\src\\Illuminate\\Foundation\\Console\\Kernel.php(195): Illuminate\\Foundation\\Console\\Kernel->bootstrap()
#7 D:\\Devsroom Work\\toto-mess\\artisan(35): Illuminate\\Foundation\\Console\\Kernel->handle()
#8 {main}
"} 
[2025-12-14 16:19:55] local.ERROR: Class "Spatie\Activitylog\ActivitylogServiceProvider" not found {"exception":"[object] (Error(code: 0): Class \"Spatie\\Activitylog\\ActivitylogServiceProvider\" not found at D:\\Devsroom Work\\toto-mess\\vendor\\laravel\\framework\\src\\Illuminate\\Foundation\\ProviderRepository.php:205)
[stacktrace]
#0 D:\\Devsroom Work\\toto-mess\\vendor\\laravel\\framework\\src\\Illuminate\\Foundation\\ProviderRepository.php(141): Illuminate\\Foundation\\ProviderRepository->createProvider()
#1 D:\\Devsroom Work\\toto-mess\\vendor\\laravel\\framework\\src\\Illuminate\\Foundation\\ProviderRepository.php(60): Illuminate\\Foundation\\ProviderRepository->compileManifest()
#2 D:\\Devsroom Work\\toto-mess\\vendor\\laravel\\framework\\src\\Illuminate\\Foundation\\Application.php(871): Illuminate\\Foundation\\ProviderRepository->load()
#3 D:\\Devsroom Work\\toto-mess\\vendor\\laravel\\framework\\src\\Illuminate\\Foundation\\Bootstrap\\RegisterProviders.php(37): Illuminate\\Foundation\\Application->registerConfiguredProviders()
#4 D:\\Devsroom Work\\toto-mess\\vendor\\laravel\\framework\\src\\Illuminate\\Foundation\\Application.php(342): Illuminate\\Foundation\\Bootstrap\\RegisterProviders->bootstrap()
#5 D:\\Devsroom Work\\toto-mess\\vendor\\laravel\\framework\\src\\Illuminate\\Foundation\\Console\\Kernel.php(484): Illuminate\\Foundation\\Application->bootstrapWith()
#6 D:\\Devsroom Work\\toto-mess\\vendor\\laravel\\framework\\src\\Illuminate\\Foundation\\Console\\Kernel.php(195): Illuminate\\Foundation\\Console\\Kernel->bootstrap()
#7 D:\\Devsroom Work\\toto-mess\\artisan(35): Illuminate\\Foundation\\Console\\Kernel->handle()
#8 {main}
"} 
[2025-12-14 16:23:48] local.ERROR: Class "Intervention\Image\Laravel\ServiceProvider" not found {"exception":"[object] (Error(code: 0): Class \"Intervention\\Image\\Laravel\\ServiceProvider\" not found at D:\\Devsroom Work\\toto-mess\\vendor\\laravel\\framework\\src\\Illuminate\\Foundation\\ProviderRepository.php:205)
[stacktrace]
#0 D:\\Devsroom Work\\toto-mess\\vendor\\laravel\\framework\\src\\Illuminate\\Foundation\\ProviderRepository.php(141): Illuminate\\Foundation\\ProviderRepository->createProvider()
#1 D:\\Devsroom Work\\toto-mess\\vendor\\laravel\\framework\\src\\Illuminate\\Foundation\\ProviderRepository.php(60): Illuminate\\Foundation\\ProviderRepository->compileManifest()
#2 D:\\Devsroom Work\\toto-mess\\vendor\\laravel\\framework\\src\\Illuminate\\Foundation\\Application.php(871): Illuminate\\Foundation\\ProviderRepository->load()
#3 D:\\Devsroom Work\\toto-mess\\vendor\\laravel\\framework\\src\\Illuminate\\Foundation\\Bootstrap\\RegisterProviders.php(37): Illuminate\\Foundation\\Application->registerConfiguredProviders()
#4 D:\\Devsroom Work\\toto-mess\\vendor\\laravel\\framework\\src\\Illuminate\\Foundation\\Application.php(342): Illuminate\\Foundation\\Bootstrap\\RegisterProviders->bootstrap()
#5 D:\\Devsroom Work\\toto-mess\\vendor\\laravel\\framework\\src\\Illuminate\\Foundation\\Console\\Kernel.php(484): Illuminate\\Foundation\\Application->bootstrapWith()
#6 D:\\Devsroom Work\\toto-mess\\vendor\\laravel\\framework\\src\\Illuminate\\Foundation\\Console\\Kernel.php(195): Illuminate\\Foundation\\Console\\Kernel->bootstrap()
#7 D:\\Devsroom Work\\toto-mess\\artisan(35): Illuminate\\Foundation\\Console\\Kernel->handle()
#8 {main}
"} 
[2025-12-14 16:24:12] local.ERROR: Class "Intervention\Image\Laravel\ServiceProvider" not found {"exception":"[object] (Error(code: 0): Class \"Intervention\\Image\\Laravel\\ServiceProvider\" not found at D:\\Devsroom Work\\toto-mess\\vendor\\laravel\\framework\\src\\Illuminate\\Foundation\\ProviderRepository.php:205)
[stacktrace]
#0 D:\\Devsroom Work\\toto-mess\\vendor\\laravel\\framework\\src\\Illuminate\\Foundation\\ProviderRepository.php(141): Illuminate\\Foundation\\ProviderRepository->createProvider()
#1 D:\\Devsroom Work\\toto-mess\\vendor\\laravel\\framework\\src\\Illuminate\\Foundation\\ProviderRepository.php(60): Illuminate\\Foundation\\ProviderRepository->compileManifest()
#2 D:\\Devsroom Work\\toto-mess\\vendor\\laravel\\framework\\src\\Illuminate\\Foundation\\Application.php(871): Illuminate\\Foundation\\ProviderRepository->load()
#3 D:\\Devsroom Work\\toto-mess\\vendor\\laravel\\framework\\src\\Illuminate\\Foundation\\Bootstrap\\RegisterProviders.php(37): Illuminate\\Foundation\\Application->registerConfiguredProviders()
#4 D:\\Devsroom Work\\toto-mess\\vendor\\laravel\\framework\\src\\Illuminate\\Foundation\\Application.php(342): Illuminate\\Foundation\\Bootstrap\\RegisterProviders->bootstrap()
#5 D:\\Devsroom Work\\toto-mess\\vendor\\laravel\\framework\\src\\Illuminate\\Foundation\\Console\\Kernel.php(484): Illuminate\\Foundation\\Application->bootstrapWith()
#6 D:\\Devsroom Work\\toto-mess\\vendor\\laravel\\framework\\src\\Illuminate\\Foundation\\Console\\Kernel.php(195): Illuminate\\Foundation\\Console\\Kernel->bootstrap()
#7 D:\\Devsroom Work\\toto-mess\\artisan(35): Illuminate\\Foundation\\Console\\Kernel->handle()
#8 {main}
"} 
[2025-12-14 16:24:24] local.ERROR: Class "Intervention\Image\Laravel\ServiceProvider" not found {"exception":"[object] (Error(code: 0): Class \"Intervention\\Image\\Laravel\\ServiceProvider\" not found at D:\\Devsroom Work\\toto-mess\\vendor\\laravel\\framework\\src\\Illuminate\\Foundation\\ProviderRepository.php:205)
[stacktrace]
#0 D:\\Devsroom Work\\toto-mess\\vendor\\laravel\\framework\\src\\Illuminate\\Foundation\\ProviderRepository.php(141): Illuminate\\Foundation\\ProviderRepository->createProvider()
#1 D:\\Devsroom Work\\toto-mess\\vendor\\laravel\\framework\\src\\Illuminate\\Foundation\\ProviderRepository.php(60): Illuminate\\Foundation\\ProviderRepository->compileManifest()
#2 D:\\Devsroom Work\\toto-mess\\vendor\\laravel\\framework\\src\\Illuminate\\Foundation\\Application.php(871): Illuminate\\Foundation\\ProviderRepository->load()
#3 D:\\Devsroom Work\\toto-mess\\vendor\\laravel\\framework\\src\\Illuminate\\Foundation\\Bootstrap\\RegisterProviders.php(37): Illuminate\\Foundation\\Application->registerConfiguredProviders()
#4 D:\\Devsroom Work\\toto-mess\\vendor\\laravel\\framework\\src\\Illuminate\\Foundation\\Application.php(342): Illuminate\\Foundation\\Bootstrap\\RegisterProviders->bootstrap()
#5 D:\\Devsroom Work\\toto-mess\\vendor\\laravel\\framework\\src\\Illuminate\\Foundation\\Console\\Kernel.php(484): Illuminate\\Foundation\\Application->bootstrapWith()
#6 D:\\Devsroom Work\\toto-mess\\vendor\\laravel\\framework\\src\\Illuminate\\Foundation\\Console\\Kernel.php(195): Illuminate\\Foundation\\Console\\Kernel->bootstrap()
#7 D:\\Devsroom Work\\toto-mess\\artisan(35): Illuminate\\Foundation\\Console\\Kernel->handle()
#8 {main}
"} 
[2025-12-14 17:09:34] local.ERROR: Class "Maatwebsite\Excel\ExcelServiceProvider" not found {"exception":"[object] (Error(code: 0): Class \"Maatwebsite\\Excel\\ExcelServiceProvider\" not found at D:\\Devsroom Work\\toto-mess\\vendor\\laravel\\framework\\src\\Illuminate\\Foundation\\ProviderRepository.php:205)
[stacktrace]
#0 D:\\Devsroom Work\\toto-mess\\vendor\\laravel\\framework\\src\\Illuminate\\Foundation\\ProviderRepository.php(141): Illuminate\\Foundation\\ProviderRepository->createProvider()
#1 D:\\Devsroom Work\\toto-mess\\vendor\\laravel\\framework\\src\\Illuminate\\Foundation\\ProviderRepository.php(60): Illuminate\\Foundation\\ProviderRepository->compileManifest()
#2 D:\\Devsroom Work\\toto-mess\\vendor\\laravel\\framework\\src\\Illuminate\\Foundation\\Application.php(871): Illuminate\\Foundation\\ProviderRepository->load()
#3 D:\\Devsroom Work\\toto-mess\\vendor\\laravel\\framework\\src\\Illuminate\\Foundation\\Bootstrap\\RegisterProviders.php(37): Illuminate\\Foundation\\Application->registerConfiguredProviders()
#4 D:\\Devsroom Work\\toto-mess\\vendor\\laravel\\framework\\src\\Illuminate\\Foundation\\Application.php(342): Illuminate\\Foundation\\Bootstrap\\RegisterProviders->bootstrap()
#5 D:\\Devsroom Work\\toto-mess\\vendor\\laravel\\framework\\src\\Illuminate\\Foundation\\Console\\Kernel.php(484): Illuminate\\Foundation\\Application->bootstrapWith()
#6 D:\\Devsroom Work\\toto-mess\\vendor\\laravel\\framework\\src\\Illuminate\\Foundation\\Console\\Kernel.php(195): Illuminate\\Foundation\\Console\\Kernel->bootstrap()
#7 D:\\Devsroom Work\\toto-mess\\artisan(35): Illuminate\\Foundation\\Console\\Kernel->handle()
#8 {main}
"} 
[2025-12-14 17:11:53] local.ERROR: Class "Barryvdh\DomPDF\ServiceProvider" not found {"exception":"[object] (Error(code: 0): Class \"Barryvdh\\DomPDF\\ServiceProvider\" not found at D:\\Devsroom Work\\toto-mess\\vendor\\laravel\\framework\\src\\Illuminate\\Foundation\\ProviderRepository.php:205)
[stacktrace]
#0 D:\\Devsroom Work\\toto-mess\\vendor\\laravel\\framework\\src\\Illuminate\\Foundation\\ProviderRepository.php(141): Illuminate\\Foundation\\ProviderRepository->createProvider()
#1 D:\\Devsroom Work\\toto-mess\\vendor\\laravel\\framework\\src\\Illuminate\\Foundation\\ProviderRepository.php(60): Illuminate\\Foundation\\ProviderRepository->compileManifest()
#2 D:\\Devsroom Work\\toto-mess\\vendor\\laravel\\framework\\src\\Illuminate\\Foundation\\Application.php(871): Illuminate\\Foundation\\ProviderRepository->load()
#3 D:\\Devsroom Work\\toto-mess\\vendor\\laravel\\framework\\src\\Illuminate\\Foundation\\Bootstrap\\RegisterProviders.php(37): Illuminate\\Foundation\\Application->registerConfiguredProviders()
#4 D:\\Devsroom Work\\toto-mess\\vendor\\laravel\\framework\\src\\Illuminate\\Foundation\\Application.php(342): Illuminate\\Foundation\\Bootstrap\\RegisterProviders->bootstrap()
#5 D:\\Devsroom Work\\toto-mess\\vendor\\laravel\\framework\\src\\Illuminate\\Foundation\\Console\\Kernel.php(484): Illuminate\\Foundation\\Application->bootstrapWith()
#6 D:\\Devsroom Work\\toto-mess\\vendor\\laravel\\framework\\src\\Illuminate\\Foundation\\Console\\Kernel.php(195): Illuminate\\Foundation\\Console\\Kernel->bootstrap()
#7 D:\\Devsroom Work\\toto-mess\\artisan(35): Illuminate\\Foundation\\Console\\Kernel->handle()
#8 {main}
"} 
[2025-12-14 17:14:33] local.ERROR: Class "Predis\Client" not found {"exception":"[object] (Error(code: 0): Class \"Predis\\Client\" not found at D:\\Devsroom Work\\toto-mess\\vendor\\laravel\\framework\\src\\Illuminate\\Redis\\Connectors\\PredisConnector.php:36)
[stacktrace]
#0 D:\\Devsroom Work\\toto-mess\\vendor\\laravel\\framework\\src\\Illuminate\\Redis\\RedisManager.php(111): Illuminate\\Redis\\Connectors\\PredisConnector->connect()
#1 D:\\Devsroom Work\\toto-mess\\vendor\\laravel\\framework\\src\\Illuminate\\Redis\\RedisManager.php(92): Illuminate\\Redis\\RedisManager->resolve()
#2 D:\\Devsroom Work\\toto-mess\\vendor\\laravel\\framework\\src\\Illuminate\\Cache\\RedisStore.php(368): Illuminate\\Redis\\RedisManager->connection()
#3 D:\\Devsroom Work\\toto-mess\\vendor\\laravel\\framework\\src\\Illuminate\\Cache\\RedisStore.php(71): Illuminate\\Cache\\RedisStore->connection()
#4 D:\\Devsroom Work\\toto-mess\\vendor\\laravel\\framework\\src\\Illuminate\\Cache\\Repository.php(119): Illuminate\\Cache\\RedisStore->get()
#5 D:\\Devsroom Work\\toto-mess\\vendor\\laravel\\framework\\src\\Illuminate\\Cache\\CacheManager.php(532): Illuminate\\Cache\\Repository->get()
#6 D:\\Devsroom Work\\toto-mess\\vendor\\laravel\\telescope\\src\\Watchers\\DumpWatcher.php(47): Illuminate\\Cache\\CacheManager->__call()
#7 D:\\Devsroom Work\\toto-mess\\vendor\\laravel\\telescope\\src\\RegistersWatchers.php(48): Laravel\\Telescope\\Watchers\\DumpWatcher->register()
#8 D:\\Devsroom Work\\toto-mess\\vendor\\laravel\\telescope\\src\\Telescope.php(138): Laravel\\Telescope\\Telescope::registerWatchers()
#9 D:\\Devsroom Work\\toto-mess\\vendor\\laravel\\telescope\\src\\TelescopeServiceProvider.php(35): Laravel\\Telescope\\Telescope::start()
#10 D:\\Devsroom Work\\toto-mess\\vendor\\laravel\\framework\\src\\Illuminate\\Container\\BoundMethod.php(36): Laravel\\Telescope\\TelescopeServiceProvider->boot()
#11 D:\\Devsroom Work\\toto-mess\\vendor\\laravel\\framework\\src\\Illuminate\\Container\\Util.php(43): Illuminate\\Container\\BoundMethod::{closure:Illuminate\\Container\\BoundMethod::call():35}()
#12 D:\\Devsroom Work\\toto-mess\\vendor\\laravel\\framework\\src\\Illuminate\\Container\\BoundMethod.php(96): Illuminate\\Container\\Util::unwrapIfClosure()
#13 D:\\Devsroom Work\\toto-mess\\vendor\\laravel\\framework\\src\\Illuminate\\Container\\BoundMethod.php(35): Illuminate\\Container\\BoundMethod::callBoundMethod()
#14 D:\\Devsroom Work\\toto-mess\\vendor\\laravel\\framework\\src\\Illuminate\\Container\\Container.php(799): Illuminate\\Container\\BoundMethod::call()
#15 D:\\Devsroom Work\\toto-mess\\vendor\\laravel\\framework\\src\\Illuminate\\Foundation\\Application.php(1151): Illuminate\\Container\\Container->call()
#16 D:\\Devsroom Work\\toto-mess\\vendor\\laravel\\framework\\src\\Illuminate\\Foundation\\Application.php(1132): Illuminate\\Foundation\\Application->bootProvider()
#17 [internal function]: Illuminate\\Foundation\\Application->{closure:Illuminate\\Foundation\\Application::boot():1131}()
#18 D:\\Devsroom Work\\toto-mess\\vendor\\laravel\\framework\\src\\Illuminate\\Foundation\\Application.php(1131): array_walk()
#19 D:\\Devsroom Work\\toto-mess\\vendor\\laravel\\framework\\src\\Illuminate\\Foundation\\Bootstrap\\BootProviders.php(17): Illuminate\\Foundation\\Application->boot()
#20 D:\\Devsroom Work\\toto-mess\\vendor\\laravel\\framework\\src\\Illuminate\\Foundation\\Application.php(342): Illuminate\\Foundation\\Bootstrap\\BootProviders->bootstrap()
#21 D:\\Devsroom Work\\toto-mess\\vendor\\laravel\\framework\\src\\Illuminate\\Foundation\\Console\\Kernel.php(484): Illuminate\\Foundation\\Application->bootstrapWith()
#22 D:\\Devsroom Work\\toto-mess\\vendor\\laravel\\framework\\src\\Illuminate\\Foundation\\Console\\Kernel.php(195): Illuminate\\Foundation\\Console\\Kernel->bootstrap()
#23 D:\\Devsroom Work\\toto-mess\\artisan(35): Illuminate\\Foundation\\Console\\Kernel->handle()
#24 {main}
"} 
[2025-12-14 17:24:15] local.ERROR: could not find driver (Connection: mysql, SQL: insert into `telescope_entries` (`batch_id`, `content`, `created_at`, `family_hash`, `type`, `uuid`) values (a097ad27-a2e2-47fa-854e-6e7402a13e08, {"command":"vendor:publish","exit_code":0,"arguments":{"command":"vendor:publish"},"options":{"existing":false,"force":true,"all":false,"provider":null,"tag":["laravel-assets"],"help":false,"silent":false,"quiet":false,"verbose":false,"version":false,"ansi":true,"no-interaction":false,"env":null},"hostname":"DESKTOP-93PJ1VS"}, 2025-12-14 17:24:15, ?, command, a097ad27-a0cf-4681-8b10-c0f70256dfe6)) {"exception":"[object] (Illuminate\\Database\\QueryException(code: 0): could not find driver (Connection: mysql, SQL: insert into `telescope_entries` (`batch_id`, `content`, `created_at`, `family_hash`, `type`, `uuid`) values (a097ad27-a2e2-47fa-854e-6e7402a13e08, {\"command\":\"vendor:publish\",\"exit_code\":0,\"arguments\":{\"command\":\"vendor:publish\"},\"options\":{\"existing\":false,\"force\":true,\"all\":false,\"provider\":null,\"tag\":[\"laravel-assets\"],\"help\":false,\"silent\":false,\"quiet\":false,\"verbose\":false,\"version\":false,\"ansi\":true,\"no-interaction\":false,\"env\":null},\"hostname\":\"DESKTOP-93PJ1VS\"}, 2025-12-14 17:24:15, ?, command, a097ad27-a0cf-4681-8b10-c0f70256dfe6)) at D:\\Devsroom Work\\toto-mess\\vendor\\laravel\\framework\\src\\Illuminate\\Database\\Connection.php:826)
[stacktrace]
#0 D:\\Devsroom Work\\toto-mess\\vendor\\laravel\\framework\\src\\Illuminate\\Database\\Connection.php(780): Illuminate\\Database\\Connection->runQueryCallback()
#1 D:\\Devsroom Work\\toto-mess\\vendor\\laravel\\framework\\src\\Illuminate\\Database\\MySqlConnection.php(42): Illuminate\\Database\\Connection->run()
#2 D:\\Devsroom Work\\toto-mess\\vendor\\laravel\\framework\\src\\Illuminate\\Database\\Query\\Builder.php(3804): Illuminate\\Database\\MySqlConnection->insert()
#3 D:\\Devsroom Work\\toto-mess\\vendor\\laravel\\telescope\\src\\Storage\\DatabaseEntriesRepository.php(145): Illuminate\\Database\\Query\\Builder->insert()
#4 D:\\Devsroom Work\\toto-mess\\vendor\\laravel\\framework\\src\\Illuminate\\Collections\\Traits\\EnumeratesValues.php(271): Laravel\\Telescope\\Storage\\DatabaseEntriesRepository->{closure:Laravel\\Telescope\\Storage\\DatabaseEntriesRepository::store():144}()
#5 D:\\Devsroom Work\\toto-mess\\vendor\\laravel\\telescope\\src\\Storage\\DatabaseEntriesRepository.php(144): Illuminate\\Support\\Collection->each()
#6 D:\\Devsroom Work\\toto-mess\\vendor\\laravel\\telescope\\src\\Telescope.php(664): Laravel\\Telescope\\Storage\\DatabaseEntriesRepository->store()
#7 [internal function]: Laravel\\Telescope\\Telescope::{closure:Laravel\\Telescope\\Telescope::store():656}()
#8 D:\\Devsroom Work\\toto-mess\\vendor\\laravel\\telescope\\src\\Telescope.php(289): call_user_func()
#9 D:\\Devsroom Work\\toto-mess\\vendor\\laravel\\telescope\\src\\Telescope.php(656): Laravel\\Telescope\\Telescope::withoutRecording()
#10 D:\\Devsroom Work\\toto-mess\\vendor\\laravel\\telescope\\src\\ListensForStorageOpportunities.php(65): Laravel\\Telescope\\Telescope::store()
#11 D:\\Devsroom Work\\toto-mess\\vendor\\laravel\\framework\\src\\Illuminate\\Container\\BoundMethod.php(36): Laravel\\Telescope\\Telescope::{closure:Laravel\\Telescope\\ListensForStorageOpportunities::storeEntriesBeforeTermination():64}()
#12 D:\\Devsroom Work\\toto-mess\\vendor\\laravel\\framework\\src\\Illuminate\\Container\\Util.php(43): Illuminate\\Container\\BoundMethod::{closure:Illuminate\\Container\\BoundMethod::call():35}()
#13 D:\\Devsroom Work\\toto-mess\\vendor\\laravel\\framework\\src\\Illuminate\\Container\\BoundMethod.php(84): Illuminate\\Container\\Util::unwrapIfClosure()
#14 D:\\Devsroom Work\\toto-mess\\vendor\\laravel\\framework\\src\\Illuminate\\Container\\BoundMethod.php(35): Illuminate\\Container\\BoundMethod::callBoundMethod()
#15 D:\\Devsroom Work\\toto-mess\\vendor\\laravel\\framework\\src\\Illuminate\\Container\\Container.php(799): Illuminate\\Container\\BoundMethod::call()
#16 D:\\Devsroom Work\\toto-mess\\vendor\\laravel\\framework\\src\\Illuminate\\Foundation\\Application.php(1466): Illuminate\\Container\\Container->call()
#17 D:\\Devsroom Work\\toto-mess\\vendor\\laravel\\framework\\src\\Illuminate\\Foundation\\Console\\Kernel.php(218): Illuminate\\Foundation\\Application->terminate()
#18 D:\\Devsroom Work\\toto-mess\\artisan(51): Illuminate\\Foundation\\Console\\Kernel->terminate()
#19 {main}

[previous exception] [object] (PDOException(code: 0): could not find driver at D:\\Devsroom Work\\toto-mess\\vendor\\laravel\\framework\\src\\Illuminate\\Database\\Connectors\\Connector.php:67)
[stacktrace]
#0 D:\\Devsroom Work\\toto-mess\\vendor\\laravel\\framework\\src\\Illuminate\\Database\\Connectors\\Connector.php(67): PDO::connect()
#1 D:\\Devsroom Work\\toto-mess\\vendor\\laravel\\framework\\src\\Illuminate\\Database\\Connectors\\Connector.php(44): Illuminate\\Database\\Connectors\\Connector->createPdoConnection()
#2 D:\\Devsroom Work\\toto-mess\\vendor\\laravel\\framework\\src\\Illuminate\\Database\\Connectors\\MySqlConnector.php(24): Illuminate\\Database\\Connectors\\Connector->createConnection()
#3 D:\\Devsroom Work\\toto-mess\\vendor\\laravel\\framework\\src\\Illuminate\\Database\\Connectors\\ConnectionFactory.php(184): Illuminate\\Database\\Connectors\\MySqlConnector->connect()
#4 [internal function]: Illuminate\\Database\\Connectors\\ConnectionFactory->{closure:Illuminate\\Database\\Connectors\\ConnectionFactory::createPdoResolverWithHosts():179}()
#5 D:\\Devsroom Work\\toto-mess\\vendor\\laravel\\framework\\src\\Illuminate\\Database\\Connection.php(1236): call_user_func()
#6 D:\\Devsroom Work\\toto-mess\\vendor\\laravel\\framework\\src\\Illuminate\\Database\\MySqlConnection.php(47): Illuminate\\Database\\Connection->getPdo()
#7 D:\\Devsroom Work\\toto-mess\\vendor\\laravel\\framework\\src\\Illuminate\\Database\\Connection.php(813): Illuminate\\Database\\MySqlConnection->{closure:Illuminate\\Database\\MySqlConnection::insert():42}()
#8 D:\\Devsroom Work\\toto-mess\\vendor\\laravel\\framework\\src\\Illuminate\\Database\\Connection.php(780): Illuminate\\Database\\Connection->runQueryCallback()
#9 D:\\Devsroom Work\\toto-mess\\vendor\\laravel\\framework\\src\\Illuminate\\Database\\MySqlConnection.php(42): Illuminate\\Database\\Connection->run()
#10 D:\\Devsroom Work\\toto-mess\\vendor\\laravel\\framework\\src\\Illuminate\\Database\\Query\\Builder.php(3804): Illuminate\\Database\\MySqlConnection->insert()
#11 D:\\Devsroom Work\\toto-mess\\vendor\\laravel\\telescope\\src\\Storage\\DatabaseEntriesRepository.php(145): Illuminate\\Database\\Query\\Builder->insert()
#12 D:\\Devsroom Work\\toto-mess\\vendor\\laravel\\framework\\src\\Illuminate\\Collections\\Traits\\EnumeratesValues.php(271): Laravel\\Telescope\\Storage\\DatabaseEntriesRepository->{closure:Laravel\\Telescope\\Storage\\DatabaseEntriesRepository::store():144}()
#13 D:\\Devsroom Work\\toto-mess\\vendor\\laravel\\telescope\\src\\Storage\\DatabaseEntriesRepository.php(144): Illuminate\\Support\\Collection->each()
#14 D:\\Devsroom Work\\toto-mess\\vendor\\laravel\\telescope\\src\\Telescope.php(664): Laravel\\Telescope\\Storage\\DatabaseEntriesRepository->store()
#15 [internal function]: Laravel\\Telescope\\Telescope::{closure:Laravel\\Telescope\\Telescope::store():656}()
#16 D:\\Devsroom Work\\toto-mess\\vendor\\laravel\\telescope\\src\\Telescope.php(289): call_user_func()
#17 D:\\Devsroom Work\\toto-mess\\vendor\\laravel\\telescope\\src\\Telescope.php(656): Laravel\\Telescope\\Telescope::withoutRecording()
#18 D:\\Devsroom Work\\toto-mess\\vendor\\laravel\\telescope\\src\\ListensForStorageOpportunities.php(65): Laravel\\Telescope\\Telescope::store()
#19 D:\\Devsroom Work\\toto-mess\\vendor\\laravel\\framework\\src\\Illuminate\\Container\\BoundMethod.php(36): Laravel\\Telescope\\Telescope::{closure:Laravel\\Telescope\\ListensForStorageOpportunities::storeEntriesBeforeTermination():64}()
#20 D:\\Devsroom Work\\toto-mess\\vendor\\laravel\\framework\\src\\Illuminate\\Container\\Util.php(43): Illuminate\\Container\\BoundMethod::{closure:Illuminate\\Container\\BoundMethod::call():35}()
#21 D:\\Devsroom Work\\toto-mess\\vendor\\laravel\\framework\\src\\Illuminate\\Container\\BoundMethod.php(84): Illuminate\\Container\\Util::unwrapIfClosure()
#22 D:\\Devsroom Work\\toto-mess\\vendor\\laravel\\framework\\src\\Illuminate\\Container\\BoundMethod.php(35): Illuminate\\Container\\BoundMethod::callBoundMethod()
#23 D:\\Devsroom Work\\toto-mess\\vendor\\laravel\\framework\\src\\Illuminate\\Container\\Container.php(799): Illuminate\\Container\\BoundMethod::call()
#24 D:\\Devsroom Work\\toto-mess\\vendor\\laravel\\framework\\src\\Illuminate\\Foundation\\Application.php(1466): Illuminate\\Container\\Container->call()
#25 D:\\Devsroom Work\\toto-mess\\vendor\\laravel\\framework\\src\\Illuminate\\Foundation\\Console\\Kernel.php(218): Illuminate\\Foundation\\Application->terminate()
#26 D:\\Devsroom Work\\toto-mess\\artisan(51): Illuminate\\Foundation\\Console\\Kernel->terminate()
#27 {main}
"} 
[2025-12-14 17:27:24] local.ERROR: could not find driver (Connection: mysql, SQL: insert into `telescope_entries` (`batch_id`, `content`, `created_at`, `family_hash`, `type`, `uuid`) values (a097ae47-ba79-4555-aab3-0b8ba3cd3784, {"command":"config:cache","exit_code":0,"arguments":{"command":"config:cache"},"options":{"help":false,"silent":false,"quiet":false,"verbose":false,"version":false,"ansi":null,"no-interaction":false,"env":null},"hostname":"DESKTOP-93PJ1VS"}, 2025-12-14 17:27:24, ?, command, a097ae47-b831-4f31-b64d-c78e41740c4d)) {"exception":"[object] (Illuminate\\Database\\QueryException(code: 0): could not find driver (Connection: mysql, SQL: insert into `telescope_entries` (`batch_id`, `content`, `created_at`, `family_hash`, `type`, `uuid`) values (a097ae47-ba79-4555-aab3-0b8ba3cd3784, {\"command\":\"config:cache\",\"exit_code\":0,\"arguments\":{\"command\":\"config:cache\"},\"options\":{\"help\":false,\"silent\":false,\"quiet\":false,\"verbose\":false,\"version\":false,\"ansi\":null,\"no-interaction\":false,\"env\":null},\"hostname\":\"DESKTOP-93PJ1VS\"}, 2025-12-14 17:27:24, ?, command, a097ae47-b831-4f31-b64d-c78e41740c4d)) at D:\\Devsroom Work\\toto-mess\\vendor\\laravel\\framework\\src\\Illuminate\\Database\\Connection.php:826)
[stacktrace]
#0 D:\\Devsroom Work\\toto-mess\\vendor\\laravel\\framework\\src\\Illuminate\\Database\\Connection.php(780): Illuminate\\Database\\Connection->runQueryCallback()
#1 D:\\Devsroom Work\\toto-mess\\vendor\\laravel\\framework\\src\\Illuminate\\Database\\MySqlConnection.php(42): Illuminate\\Database\\Connection->run()
#2 D:\\Devsroom Work\\toto-mess\\vendor\\laravel\\framework\\src\\Illuminate\\Database\\Query\\Builder.php(3804): Illuminate\\Database\\MySqlConnection->insert()
#3 D:\\Devsroom Work\\toto-mess\\vendor\\laravel\\telescope\\src\\Storage\\DatabaseEntriesRepository.php(145): Illuminate\\Database\\Query\\Builder->insert()
#4 D:\\Devsroom Work\\toto-mess\\vendor\\laravel\\framework\\src\\Illuminate\\Collections\\Traits\\EnumeratesValues.php(271): Laravel\\Telescope\\Storage\\DatabaseEntriesRepository->{closure:Laravel\\Telescope\\Storage\\DatabaseEntriesRepository::store():144}()
#5 D:\\Devsroom Work\\toto-mess\\vendor\\laravel\\telescope\\src\\Storage\\DatabaseEntriesRepository.php(144): Illuminate\\Support\\Collection->each()
#6 D:\\Devsroom Work\\toto-mess\\vendor\\laravel\\telescope\\src\\Telescope.php(664): Laravel\\Telescope\\Storage\\DatabaseEntriesRepository->store()
#7 [internal function]: Laravel\\Telescope\\Telescope::{closure:Laravel\\Telescope\\Telescope::store():656}()
#8 D:\\Devsroom Work\\toto-mess\\vendor\\laravel\\telescope\\src\\Telescope.php(289): call_user_func()
#9 D:\\Devsroom Work\\toto-mess\\vendor\\laravel\\telescope\\src\\Telescope.php(656): Laravel\\Telescope\\Telescope::withoutRecording()
#10 D:\\Devsroom Work\\toto-mess\\vendor\\laravel\\telescope\\src\\ListensForStorageOpportunities.php(65): Laravel\\Telescope\\Telescope::store()
#11 D:\\Devsroom Work\\toto-mess\\vendor\\laravel\\framework\\src\\Illuminate\\Container\\BoundMethod.php(36): Laravel\\Telescope\\Telescope::{closure:Laravel\\Telescope\\ListensForStorageOpportunities::storeEntriesBeforeTermination():64}()
#12 D:\\Devsroom Work\\toto-mess\\vendor\\laravel\\framework\\src\\Illuminate\\Container\\Util.php(43): Illuminate\\Container\\BoundMethod::{closure:Illuminate\\Container\\BoundMethod::call():35}()
#13 D:\\Devsroom Work\\toto-mess\\vendor\\laravel\\framework\\src\\Illuminate\\Container\\BoundMethod.php(84): Illuminate\\Container\\Util::unwrapIfClosure()
#14 D:\\Devsroom Work\\toto-mess\\vendor\\laravel\\framework\\src\\Illuminate\\Container\\BoundMethod.php(35): Illuminate\\Container\\BoundMethod::callBoundMethod()
#15 D:\\Devsroom Work\\toto-mess\\vendor\\laravel\\framework\\src\\Illuminate\\Container\\Container.php(799): Illuminate\\Container\\BoundMethod::call()
#16 D:\\Devsroom Work\\toto-mess\\vendor\\laravel\\framework\\src\\Illuminate\\Foundation\\Application.php(1466): Illuminate\\Container\\Container->call()
#17 D:\\Devsroom Work\\toto-mess\\vendor\\laravel\\framework\\src\\Illuminate\\Foundation\\Console\\Kernel.php(218): Illuminate\\Foundation\\Application->terminate()
#18 D:\\Devsroom Work\\toto-mess\\artisan(51): Illuminate\\Foundation\\Console\\Kernel->terminate()
#19 {main}

[previous exception] [object] (PDOException(code: 0): could not find driver at D:\\Devsroom Work\\toto-mess\\vendor\\laravel\\framework\\src\\Illuminate\\Database\\Connectors\\Connector.php:67)
[stacktrace]
#0 D:\\Devsroom Work\\toto-mess\\vendor\\laravel\\framework\\src\\Illuminate\\Database\\Connectors\\Connector.php(67): PDO::connect()
#1 D:\\Devsroom Work\\toto-mess\\vendor\\laravel\\framework\\src\\Illuminate\\Database\\Connectors\\Connector.php(44): Illuminate\\Database\\Connectors\\Connector->createPdoConnection()
#2 D:\\Devsroom Work\\toto-mess\\vendor\\laravel\\framework\\src\\Illuminate\\Database\\Connectors\\MySqlConnector.php(24): Illuminate\\Database\\Connectors\\Connector->createConnection()
#3 D:\\Devsroom Work\\toto-mess\\vendor\\laravel\\framework\\src\\Illuminate\\Database\\Connectors\\ConnectionFactory.php(184): Illuminate\\Database\\Connectors\\MySqlConnector->connect()
#4 [internal function]: Illuminate\\Database\\Connectors\\ConnectionFactory->{closure:Illuminate\\Database\\Connectors\\ConnectionFactory::createPdoResolverWithHosts():179}()
#5 D:\\Devsroom Work\\toto-mess\\vendor\\laravel\\framework\\src\\Illuminate\\Database\\Connection.php(1236): call_user_func()
#6 D:\\Devsroom Work\\toto-mess\\vendor\\laravel\\framework\\src\\Illuminate\\Database\\MySqlConnection.php(47): Illuminate\\Database\\Connection->getPdo()
#7 D:\\Devsroom Work\\toto-mess\\vendor\\laravel\\framework\\src\\Illuminate\\Database\\Connection.php(813): Illuminate\\Database\\MySqlConnection->{closure:Illuminate\\Database\\MySqlConnection::insert():42}()
#8 D:\\Devsroom Work\\toto-mess\\vendor\\laravel\\framework\\src\\Illuminate\\Database\\Connection.php(780): Illuminate\\Database\\Connection->runQueryCallback()
#9 D:\\Devsroom Work\\toto-mess\\vendor\\laravel\\framework\\src\\Illuminate\\Database\\MySqlConnection.php(42): Illuminate\\Database\\Connection->run()
#10 D:\\Devsroom Work\\toto-mess\\vendor\\laravel\\framework\\src\\Illuminate\\Database\\Query\\Builder.php(3804): Illuminate\\Database\\MySqlConnection->insert()
#11 D:\\Devsroom Work\\toto-mess\\vendor\\laravel\\telescope\\src\\Storage\\DatabaseEntriesRepository.php(145): Illuminate\\Database\\Query\\Builder->insert()
#12 D:\\Devsroom Work\\toto-mess\\vendor\\laravel\\framework\\src\\Illuminate\\Collections\\Traits\\EnumeratesValues.php(271): Laravel\\Telescope\\Storage\\DatabaseEntriesRepository->{closure:Laravel\\Telescope\\Storage\\DatabaseEntriesRepository::store():144}()
#13 D:\\Devsroom Work\\toto-mess\\vendor\\laravel\\telescope\\src\\Storage\\DatabaseEntriesRepository.php(144): Illuminate\\Support\\Collection->each()
#14 D:\\Devsroom Work\\toto-mess\\vendor\\laravel\\telescope\\src\\Telescope.php(664): Laravel\\Telescope\\Storage\\DatabaseEntriesRepository->store()
#15 [internal function]: Laravel\\Telescope\\Telescope::{closure:Laravel\\Telescope\\Telescope::store():656}()
#16 D:\\Devsroom Work\\toto-mess\\vendor\\laravel\\telescope\\src\\Telescope.php(289): call_user_func()
#17 D:\\Devsroom Work\\toto-mess\\vendor\\laravel\\telescope\\src\\Telescope.php(656): Laravel\\Telescope\\Telescope::withoutRecording()
#18 D:\\Devsroom Work\\toto-mess\\vendor\\laravel\\telescope\\src\\ListensForStorageOpportunities.php(65): Laravel\\Telescope\\Telescope::store()
#19 D:\\Devsroom Work\\toto-mess\\vendor\\laravel\\framework\\src\\Illuminate\\Container\\BoundMethod.php(36): Laravel\\Telescope\\Telescope::{closure:Laravel\\Telescope\\ListensForStorageOpportunities::storeEntriesBeforeTermination():64}()
#20 D:\\Devsroom Work\\toto-mess\\vendor\\laravel\\framework\\src\\Illuminate\\Container\\Util.php(43): Illuminate\\Container\\BoundMethod::{closure:Illuminate\\Container\\BoundMethod::call():35}()
#21 D:\\Devsroom Work\\toto-mess\\vendor\\laravel\\framework\\src\\Illuminate\\Container\\BoundMethod.php(84): Illuminate\\Container\\Util::unwrapIfClosure()
#22 D:\\Devsroom Work\\toto-mess\\vendor\\laravel\\framework\\src\\Illuminate\\Container\\BoundMethod.php(35): Illuminate\\Container\\BoundMethod::callBoundMethod()
#23 D:\\Devsroom Work\\toto-mess\\vendor\\laravel\\framework\\src\\Illuminate\\Container\\Container.php(799): Illuminate\\Container\\BoundMethod::call()
#24 D:\\Devsroom Work\\toto-mess\\vendor\\laravel\\framework\\src\\Illuminate\\Foundation\\Application.php(1466): Illuminate\\Container\\Container->call()
#25 D:\\Devsroom Work\\toto-mess\\vendor\\laravel\\framework\\src\\Illuminate\\Foundation\\Console\\Kernel.php(218): Illuminate\\Foundation\\Application->terminate()
#26 D:\\Devsroom Work\\toto-mess\\artisan(51): Illuminate\\Foundation\\Console\\Kernel->terminate()
#27 {main}
"} 
[2025-12-14 17:27:40] local.ERROR: could not find driver (Connection: mysql, SQL: insert into `telescope_entries` (`batch_id`, `content`, `created_at`, `family_hash`, `type`, `uuid`) values (a097ae60-c6cb-432c-9c64-980e04a0f404, {"command":"route:cache","exit_code":0,"arguments":{"command":"route:cache"},"options":{"help":false,"silent":false,"quiet":false,"verbose":false,"version":false,"ansi":null,"no-interaction":false,"env":null},"hostname":"DESKTOP-93PJ1VS"}, 2025-12-14 17:27:40, ?, command, a097ae60-c465-4c2f-95cf-5eb404e4b59b)) {"exception":"[object] (Illuminate\\Database\\QueryException(code: 0): could not find driver (Connection: mysql, SQL: insert into `telescope_entries` (`batch_id`, `content`, `created_at`, `family_hash`, `type`, `uuid`) values (a097ae60-c6cb-432c-9c64-980e04a0f404, {\"command\":\"route:cache\",\"exit_code\":0,\"arguments\":{\"command\":\"route:cache\"},\"options\":{\"help\":false,\"silent\":false,\"quiet\":false,\"verbose\":false,\"version\":false,\"ansi\":null,\"no-interaction\":false,\"env\":null},\"hostname\":\"DESKTOP-93PJ1VS\"}, 2025-12-14 17:27:40, ?, command, a097ae60-c465-4c2f-95cf-5eb404e4b59b)) at D:\\Devsroom Work\\toto-mess\\vendor\\laravel\\framework\\src\\Illuminate\\Database\\Connection.php:826)
[stacktrace]
#0 D:\\Devsroom Work\\toto-mess\\vendor\\laravel\\framework\\src\\Illuminate\\Database\\Connection.php(780): Illuminate\\Database\\Connection->runQueryCallback()
#1 D:\\Devsroom Work\\toto-mess\\vendor\\laravel\\framework\\src\\Illuminate\\Database\\MySqlConnection.php(42): Illuminate\\Database\\Connection->run()
#2 D:\\Devsroom Work\\toto-mess\\vendor\\laravel\\framework\\src\\Illuminate\\Database\\Query\\Builder.php(3804): Illuminate\\Database\\MySqlConnection->insert()
#3 D:\\Devsroom Work\\toto-mess\\vendor\\laravel\\telescope\\src\\Storage\\DatabaseEntriesRepository.php(145): Illuminate\\Database\\Query\\Builder->insert()
#4 D:\\Devsroom Work\\toto-mess\\vendor\\laravel\\framework\\src\\Illuminate\\Collections\\Traits\\EnumeratesValues.php(271): Laravel\\Telescope\\Storage\\DatabaseEntriesRepository->{closure:Laravel\\Telescope\\Storage\\DatabaseEntriesRepository::store():144}()
#5 D:\\Devsroom Work\\toto-mess\\vendor\\laravel\\telescope\\src\\Storage\\DatabaseEntriesRepository.php(144): Illuminate\\Support\\Collection->each()
#6 D:\\Devsroom Work\\toto-mess\\vendor\\laravel\\telescope\\src\\Telescope.php(664): Laravel\\Telescope\\Storage\\DatabaseEntriesRepository->store()
#7 [internal function]: Laravel\\Telescope\\Telescope::{closure:Laravel\\Telescope\\Telescope::store():656}()
#8 D:\\Devsroom Work\\toto-mess\\vendor\\laravel\\telescope\\src\\Telescope.php(289): call_user_func()
#9 D:\\Devsroom Work\\toto-mess\\vendor\\laravel\\telescope\\src\\Telescope.php(656): Laravel\\Telescope\\Telescope::withoutRecording()
#10 D:\\Devsroom Work\\toto-mess\\vendor\\laravel\\telescope\\src\\ListensForStorageOpportunities.php(65): Laravel\\Telescope\\Telescope::store()
#11 D:\\Devsroom Work\\toto-mess\\vendor\\laravel\\framework\\src\\Illuminate\\Container\\BoundMethod.php(36): Laravel\\Telescope\\Telescope::{closure:Laravel\\Telescope\\ListensForStorageOpportunities::storeEntriesBeforeTermination():64}()
#12 D:\\Devsroom Work\\toto-mess\\vendor\\laravel\\framework\\src\\Illuminate\\Container\\Util.php(43): Illuminate\\Container\\BoundMethod::{closure:Illuminate\\Container\\BoundMethod::call():35}()
#13 D:\\Devsroom Work\\toto-mess\\vendor\\laravel\\framework\\src\\Illuminate\\Container\\BoundMethod.php(84): Illuminate\\Container\\Util::unwrapIfClosure()
#14 D:\\Devsroom Work\\toto-mess\\vendor\\laravel\\framework\\src\\Illuminate\\Container\\BoundMethod.php(35): Illuminate\\Container\\BoundMethod::callBoundMethod()
#15 D:\\Devsroom Work\\toto-mess\\vendor\\laravel\\framework\\src\\Illuminate\\Container\\Container.php(799): Illuminate\\Container\\BoundMethod::call()
#16 D:\\Devsroom Work\\toto-mess\\vendor\\laravel\\framework\\src\\Illuminate\\Foundation\\Application.php(1466): Illuminate\\Container\\Container->call()
#17 D:\\Devsroom Work\\toto-mess\\vendor\\laravel\\framework\\src\\Illuminate\\Foundation\\Console\\Kernel.php(218): Illuminate\\Foundation\\Application->terminate()
#18 D:\\Devsroom Work\\toto-mess\\artisan(51): Illuminate\\Foundation\\Console\\Kernel->terminate()
#19 {main}

[previous exception] [object] (PDOException(code: 0): could not find driver at D:\\Devsroom Work\\toto-mess\\vendor\\laravel\\framework\\src\\Illuminate\\Database\\Connectors\\Connector.php:67)
[stacktrace]
#0 D:\\Devsroom Work\\toto-mess\\vendor\\laravel\\framework\\src\\Illuminate\\Database\\Connectors\\Connector.php(67): PDO::connect()
#1 D:\\Devsroom Work\\toto-mess\\vendor\\laravel\\framework\\src\\Illuminate\\Database\\Connectors\\Connector.php(44): Illuminate\\Database\\Connectors\\Connector->createPdoConnection()
#2 D:\\Devsroom Work\\toto-mess\\vendor\\laravel\\framework\\src\\Illuminate\\Database\\Connectors\\MySqlConnector.php(24): Illuminate\\Database\\Connectors\\Connector->createConnection()
#3 D:\\Devsroom Work\\toto-mess\\vendor\\laravel\\framework\\src\\Illuminate\\Database\\Connectors\\ConnectionFactory.php(184): Illuminate\\Database\\Connectors\\MySqlConnector->connect()
#4 [internal function]: Illuminate\\Database\\Connectors\\ConnectionFactory->{closure:Illuminate\\Database\\Connectors\\ConnectionFactory::createPdoResolverWithHosts():179}()
#5 D:\\Devsroom Work\\toto-mess\\vendor\\laravel\\framework\\src\\Illuminate\\Database\\Connection.php(1236): call_user_func()
#6 D:\\Devsroom Work\\toto-mess\\vendor\\laravel\\framework\\src\\Illuminate\\Database\\MySqlConnection.php(47): Illuminate\\Database\\Connection->getPdo()
#7 D:\\Devsroom Work\\toto-mess\\vendor\\laravel\\framework\\src\\Illuminate\\Database\\Connection.php(813): Illuminate\\Database\\MySqlConnection->{closure:Illuminate\\Database\\MySqlConnection::insert():42}()
#8 D:\\Devsroom Work\\toto-mess\\vendor\\laravel\\framework\\src\\Illuminate\\Database\\Connection.php(780): Illuminate\\Database\\Connection->runQueryCallback()
#9 D:\\Devsroom Work\\toto-mess\\vendor\\laravel\\framework\\src\\Illuminate\\Database\\MySqlConnection.php(42): Illuminate\\Database\\Connection->run()
#10 D:\\Devsroom Work\\toto-mess\\vendor\\laravel\\framework\\src\\Illuminate\\Database\\Query\\Builder.php(3804): Illuminate\\Database\\MySqlConnection->insert()
#11 D:\\Devsroom Work\\toto-mess\\vendor\\laravel\\telescope\\src\\Storage\\DatabaseEntriesRepository.php(145): Illuminate\\Database\\Query\\Builder->insert()
#12 D:\\Devsroom Work\\toto-mess\\vendor\\laravel\\framework\\src\\Illuminate\\Collections\\Traits\\EnumeratesValues.php(271): Laravel\\Telescope\\Storage\\DatabaseEntriesRepository->{closure:Laravel\\Telescope\\Storage\\DatabaseEntriesRepository::store():144}()
#13 D:\\Devsroom Work\\toto-mess\\vendor\\laravel\\telescope\\src\\Storage\\DatabaseEntriesRepository.php(144): Illuminate\\Support\\Collection->each()
#14 D:\\Devsroom Work\\toto-mess\\vendor\\laravel\\telescope\\src\\Telescope.php(664): Laravel\\Telescope\\Storage\\DatabaseEntriesRepository->store()
#15 [internal function]: Laravel\\Telescope\\Telescope::{closure:Laravel\\Telescope\\Telescope::store():656}()
#16 D:\\Devsroom Work\\toto-mess\\vendor\\laravel\\telescope\\src\\Telescope.php(289): call_user_func()
#17 D:\\Devsroom Work\\toto-mess\\vendor\\laravel\\telescope\\src\\Telescope.php(656): Laravel\\Telescope\\Telescope::withoutRecording()
#18 D:\\Devsroom Work\\toto-mess\\vendor\\laravel\\telescope\\src\\ListensForStorageOpportunities.php(65): Laravel\\Telescope\\Telescope::store()
#19 D:\\Devsroom Work\\toto-mess\\vendor\\laravel\\framework\\src\\Illuminate\\Container\\BoundMethod.php(36): Laravel\\Telescope\\Telescope::{closure:Laravel\\Telescope\\ListensForStorageOpportunities::storeEntriesBeforeTermination():64}()
#20 D:\\Devsroom Work\\toto-mess\\vendor\\laravel\\framework\\src\\Illuminate\\Container\\Util.php(43): Illuminate\\Container\\BoundMethod::{closure:Illuminate\\Container\\BoundMethod::call():35}()
#21 D:\\Devsroom Work\\toto-mess\\vendor\\laravel\\framework\\src\\Illuminate\\Container\\BoundMethod.php(84): Illuminate\\Container\\Util::unwrapIfClosure()
#22 D:\\Devsroom Work\\toto-mess\\vendor\\laravel\\framework\\src\\Illuminate\\Container\\BoundMethod.php(35): Illuminate\\Container\\BoundMethod::callBoundMethod()
#23 D:\\Devsroom Work\\toto-mess\\vendor\\laravel\\framework\\src\\Illuminate\\Container\\Container.php(799): Illuminate\\Container\\BoundMethod::call()
#24 D:\\Devsroom Work\\toto-mess\\vendor\\laravel\\framework\\src\\Illuminate\\Foundation\\Application.php(1466): Illuminate\\Container\\Container->call()
#25 D:\\Devsroom Work\\toto-mess\\vendor\\laravel\\framework\\src\\Illuminate\\Foundation\\Console\\Kernel.php(218): Illuminate\\Foundation\\Application->terminate()
#26 D:\\Devsroom Work\\toto-mess\\artisan(51): Illuminate\\Foundation\\Console\\Kernel->terminate()
#27 {main}
"} 
